[I 2025-09-03 17:54:36,580] Trial 21 finished with value: 1.522192855834059 and parameters: {'learning_rate': 0.046613260553727255, 'depth': 11, 'l2_leaf_reg': 8.697826993466425, 'subsample': 0.7894573270746286}. Best is trial 0 with value: 1.4455958397603181.
[I 2025-09-03 17:56:35,463] Trial 22 finished with value: 1.5315483082277865 and parameters: {'learning_rate': 0.05911216395650936, 'depth': 10, 'l2_leaf_reg': 6.6161801688267765, 'subsample': 0.7262395953313981}. Best is trial 0 with value: 1.4455958397603181.
[I 2025-09-03 17:58:19,095] Trial 23 finished with value: 1.4959848862401068 and parameters: {'learning_rate': 0.07420785702857811, 'depth': 10, 'l2_leaf_reg': 8.413904849440659, 'subsample': 0.9271746972475575}. Best is trial 0 with value: 1.4455958397603181.
[I 2025-09-03 18:07:14,411] Trial 24 finished with value: 1.4776159667668254 and parameters: {'learning_rate': 0.05682309866894054, 'depth': 12, 'l2_leaf_reg': 8.91574537941329, 'subsample': 0.801092516453342}. Best is trial 0 with value: 1.4455958397603181.
[I 2025-09-03 18:10:55,169] Trial 25 finished with value: 1.596894778127006 and parameters: {'learning_rate': 0.09153412453766166, 'depth': 11, 'l2_leaf_reg': 7.536046057272319, 'subsample': 0.6427573618139677}. Best is trial 0 with value: 1.4455958397603181.
[I 2025-09-03 18:12:36,483] Trial 26 finished with value: 1.5204034299275544 and parameters: {'learning_rate': 0.06999915465608138, 'depth': 10, 'l2_leaf_reg': 6.663672505790122, 'subsample': 0.6985926827012301}. Best is trial 0 with value: 1.4455958397603181.
[I 2025-09-03 18:13:09,697] Trial 27 finished with value: 1.8344196588251274 and parameters: {'learning_rate': 0.010132911152002051, 'depth': 7, 'l2_leaf_reg': 1.9674716202834093, 'subsample': 0.76070487468405}. Best is trial 0 with value: 1.4455958397603181.
[I 2025-09-03 18:14:46,144] Trial 28 finished with value: 1.5583974141448642 and parameters: {'learning_rate': 0.03200119721150809, 'depth': 9, 'l2_leaf_reg': 4.316186611936212, 'subsample': 0.6228491074893235}. Best is trial 0 with value: 1.4455958397603181.
[I 2025-09-03 18:19:28,411] Trial 29 finished with value: 1.4678027764193873 and parameters: {'learning_rate': 0.025196010873284547, 'depth': 11, 'l2_leaf_reg': 9.319840827982656, 'subsample': 0.6792979598466253}. Best is trial 0 with value: 1.4455958397603181.
[I 2025-09-03 18:28:58,243] Trial 30 finished with value: 1.4682039080520355 and parameters: {'learning_rate': 0.024512473572254664, 'depth': 12, 'l2_leaf_reg': 9.461899914527315, 'subsample': 0.6710321056296876}. Best is trial 0 with value: 1.4455958397603181.
[I 2025-09-03 18:38:14,882] Trial 31 finished with value: 1.4645561289795614 and parameters: {'learning_rate': 0.02562504237524402, 'depth': 12, 'l2_leaf_reg': 9.870845489192124, 'subsample': 0.6796344658969865}. Best is trial 0 with value: 1.4455958397603181.
[I 2025-09-03 18:47:39,410] Trial 32 finished with value: 1.4594048485697027 and parameters: {'learning_rate': 0.036984805982552695, 'depth': 12, 'l2_leaf_reg': 9.34931020982467, 'subsample': 0.728757883823452}. Best is trial 0 with value: 1.4455958397603181.
[I 2025-09-03 18:57:02,266] Trial 33 finished with value: 1.4487279557241601 and parameters: {'learning_rate': 0.034893859956063665, 'depth': 12, 'l2_leaf_reg': 9.730592757218917, 'subsample': 0.7243338956440343}. Best is trial 0 with value: 1.4455958397603181.
[I 2025-09-03 19:06:31,764] Trial 34 finished with value: 1.4464338761307258 and parameters: {'learning_rate': 0.0367768571126217, 'depth': 12, 'l2_leaf_reg': 9.94164905114088, 'subsample': 0.8106623079900609}. Best is trial 0 with value: 1.4455958397603181.
[I 2025-09-03 19:14:10,176] Trial 35 finished with value: 1.421799025657793 and parameters: {'learning_rate': 0.04417525450402887, 'depth': 12, 'l2_leaf_reg': 9.892421317596718, 'subsample': 0.8190700311190122}. Best is trial 35 with value: 1.421799025657793.
[I 2025-09-03 19:23:37,668] Trial 36 finished with value: 1.4416415124899802 and parameters: {'learning_rate': 0.041609549975822786, 'depth': 12, 'l2_leaf_reg': 9.902914023942497, 'subsample': 0.8260642996251536}. Best is trial 35 with value: 1.421799025657793.
[I 2025-09-03 19:31:48,914] Trial 37 finished with value: 1.4428939489338533 and parameters: {'learning_rate': 0.04361841555293214, 'depth': 12, 'l2_leaf_reg': 9.956951203048398, 'subsample': 0.8219011258223201}. Best is trial 35 with value: 1.421799025657793.
[I 2025-09-03 19:41:11,330] Trial 38 finished with value: 1.444666768795885 and parameters: {'learning_rate': 0.04428474817843939, 'depth': 12, 'l2_leaf_reg': 9.087186087593635, 'subsample': 0.8565776737170355}. Best is trial 35 with value: 1.421799025657793.
[I 2025-09-03 19:48:09,944] Trial 39 finished with value: 1.4592307315477897 and parameters: {'learning_rate': 0.04639591736766164, 'depth': 12, 'l2_leaf_reg': 9.072853099789183, 'subsample': 0.856408670230453}. Best is trial 35 with value: 1.421799025657793.
[I 2025-09-03 19:55:06,653] Trial 40 finished with value: 1.5094789432678535 and parameters: {'learning_rate': 0.05354047424358166, 'depth': 12, 'l2_leaf_reg': 8.171426745095763, 'subsample': 0.9073879518654798}. Best is trial 35 with value: 1.421799025657793.
[I 2025-09-03 20:04:23,568] Trial 41 finished with value: 1.4544819964280955 and parameters: {'learning_rate': 0.043260300179717256, 'depth': 12, 'l2_leaf_reg': 9.984186079627552, 'subsample': 0.8378439034428545}. Best is trial 35 with value: 1.421799025657793.
[I 2025-09-03 20:13:46,711] Trial 42 finished with value: 1.4674322359745322 and parameters: {'learning_rate': 0.04231579883876251, 'depth': 12, 'l2_leaf_reg': 9.263801931534902, 'subsample': 0.8678260678091935}. Best is trial 35 with value: 1.421799025657793.
[I 2025-09-03 20:17:48,138] Trial 43 finished with value: 1.6096172352295317 and parameters: {'learning_rate': 0.053694225787265334, 'depth': 11, 'l2_leaf_reg': 2.6377171428495636, 'subsample': 0.8216511860066541}. Best is trial 35 with value: 1.421799025657793.
[I 2025-09-03 20:25:09,532] Trial 44 finished with value: 1.4552114369630305 and parameters: {'learning_rate': 0.061263451240582065, 'depth': 12, 'l2_leaf_reg': 9.58321735937643, 'subsample': 0.7730859021181752}. Best is trial 35 with value: 1.421799025657793.
[I 2025-09-03 20:29:33,535] Trial 45 finished with value: 1.4833036191837903 and parameters: {'learning_rate': 0.031088021640180916, 'depth': 11, 'l2_leaf_reg': 8.998050146873013, 'subsample': 0.8428939257010725}. Best is trial 35 with value: 1.421799025657793.
[I 2025-09-03 20:35:07,731] Trial 46 finished with value: 1.5766083847006402 and parameters: {'learning_rate': 0.0650551514960975, 'depth': 12, 'l2_leaf_reg': 7.748322611297503, 'subsample': 0.8957254210875244}. Best is trial 35 with value: 1.421799025657793.
[I 2025-09-03 20:40:27,799] Trial 47 finished with value: 1.5642461734962345 and parameters: {'learning_rate': 0.04979860153965823, 'depth': 12, 'l2_leaf_reg': 5.194981395401847, 'subsample': 0.9367240628994985}. Best is trial 35 with value: 1.421799025657793.
[I 2025-09-03 20:40:47,568] Trial 48 finished with value: 1.7644034349042903 and parameters: {'learning_rate': 0.044796293006548714, 'depth': 7, 'l2_leaf_reg': 3.281906127065998, 'subsample': 0.8734199915747763}. Best is trial 35 with value: 1.421799025657793.
[I 2025-09-03 20:43:39,607] Trial 49 finished with value: 1.4919498461344094 and parameters: {'learning_rate': 0.05573420306158618, 'depth': 11, 'l2_leaf_reg': 8.344173966951125, 'subsample': 0.8154960777496179}. Best is trial 35 with value: 1.421799025657793.
[I 2025-09-03 20:48:00,357] Trial 50 finished with value: 1.541609915140369 and parameters: {'learning_rate': 0.019413867897645074, 'depth': 11, 'l2_leaf_reg': 1.8446845251186956, 'subsample': 0.8564817573842437}. Best is trial 35 with value: 1.421799025657793.
[I 2025-09-03 20:57:25,677] Trial 51 finished with value: 1.4495083519966183 and parameters: {'learning_rate': 0.03916365226240238, 'depth': 12, 'l2_leaf_reg': 9.846172644529418, 'subsample': 0.8060118382480869}. Best is trial 35 with value: 1.421799025657793.

Loading and preparing data from master3.3 (2).csv...

[I 2025-09-04 18:01:06,870] A new study created in memory with name: no-name-733a71a5-bae1-43a5-8dca-2b1632fd3b6e

Using 5615 real measurements for training.
Data preparation complete.

Starting EFFICIENT hyperparameter search with headstart...

[I 2025-09-04 18:44:24,481] Trial 0 finished with value: 1.421799025657793 and parameters: {'learning_rate': 0.04417525450402887, 'depth': 12, 'l2_leaf_reg': 9.892421317596718, 'subsample': 0.8190700311190122}. Best is trial 0 with value: 1.421799025657793.
[I 2025-09-04 18:48:48,473] Trial 1 finished with value: 1.5635325298496734 and parameters: {'learning_rate': 0.05636806840139804, 'depth': 8, 'l2_leaf_reg': 9.105334181421531, 'subsample': 0.6735825516832029}. Best is trial 0 with value: 1.421799025657793.
[I 2025-09-04 18:49:56,527] Trial 2 finished with value: 1.824816037218094 and parameters: {'learning_rate': 0.044277526442397575, 'depth': 6, 'l2_leaf_reg': 8.070260792164124, 'subsample': 0.6029214733016491}. Best is trial 0 with value: 1.421799025657793.
[I 2025-09-04 18:51:22,305] Trial 3 finished with value: 1.7025042386881852 and parameters: {'learning_rate': 0.08270386783956012, 'depth': 6, 'l2_leaf_reg': 9.418364816948516, 'subsample': 0.6846719392266701}. Best is trial 0 with value: 1.421799025657793.
[I 2025-09-04 18:53:31,772] Trial 4 finished with value: 1.895157115615793 and parameters: {'learning_rate': 0.05365847175786529, 'depth': 8, 'l2_leaf_reg': 4.387018619579106, 'subsample': 0.6041566109564496}. Best is trial 0 with value: 1.421799025657793.
[I 2025-09-04 18:53:35,501] Trial 5 finished with value: 2.759043604315169 and parameters: {'learning_rate': 0.03476794817242209, 'depth': 11, 'l2_leaf_reg': 6.297923125352233, 'subsample': 0.9650709848141362}. Best is trial 0 with value: 1.421799025657793.
[I 2025-09-04 18:56:03,586] Trial 6 finished with value: 1.5141959701140575 and parameters: {'learning_rate': 0.09798530681203102, 'depth': 9, 'l2_leaf_reg': 2.4814846463314257, 'subsample': 0.7333751198031425}. Best is trial 0 with value: 1.421799025657793.
[I 2025-09-04 18:56:03,910] Trial 7 finished with value: 2.8770157859903174 and parameters: {'learning_rate': 0.030487816284289024, 'depth': 6, 'l2_leaf_reg': 6.774548808938541, 'subsample': 0.9765711053187855}. Best is trial 0 with value: 1.421799025657793.
[I 2025-09-04 18:56:04,239] Trial 8 finished with value: 2.9671548009673128 and parameters: {'learning_rate': 0.011471185498564374, 'depth': 6, 'l2_leaf_reg': 4.282813369068361, 'subsample': 0.9088575258450753}. Best is trial 0 with value: 1.421799025657793.
[I 2025-09-04 18:56:06,278] Trial 9 finished with value: 2.5265831900395908 and parameters: {'learning_rate': 0.05239795316042585, 'depth': 9, 'l2_leaf_reg': 6.665136182157004, 'subsample': 0.603932765893962}. Best is trial 0 with value: 1.421799025657793.
[I 2025-09-04 19:19:00,551] Trial 10 finished with value: 1.502507814659233 and parameters: {'learning_rate': 0.07134964772522465, 'depth': 12, 'l2_leaf_reg': 1.0749835410263167, 'subsample': 0.8291510605921504}. Best is trial 0 with value: 1.421799025657793.
[I 2025-09-04 19:31:50,549] Trial 11 finished with value: 1.4971794692250329 and parameters: {'learning_rate': 0.06930484514997827, 'depth': 12, 'l2_leaf_reg': 1.103148858497946, 'subsample': 0.8378303562638405}. Best is trial 0 with value: 1.421799025657793.
[I 2025-09-04 19:41:10,120] Trial 12 finished with value: 1.5698015249372548 and parameters: {'learning_rate': 0.07201086311154468, 'depth': 12, 'l2_leaf_reg': 2.306726031648756, 'subsample': 0.836715626557665}. Best is trial 0 with value: 1.421799025657793.
[I 2025-09-04 19:43:18,152] Trial 13 finished with value: 1.6990744039468313 and parameters: {'learning_rate': 0.07010325692250086, 'depth': 11, 'l2_leaf_reg': 4.5537057162833285, 'subsample': 0.7853708571887256}. Best is trial 0 with value: 1.421799025657793.
[I 2025-09-04 19:43:23,910] Trial 14 finished with value: 2.918808401294592 and parameters: {'learning_rate': 0.019208382310646165, 'depth': 11, 'l2_leaf_reg': 7.796332922672205, 'subsample': 0.8799946988148195}. Best is trial 0 with value: 1.421799025657793.
[I 2025-09-04 19:47:58,703] Trial 15 finished with value: 1.5504719268944325 and parameters: {'learning_rate': 0.08833903481740599, 'depth': 10, 'l2_leaf_reg': 2.7876308840802633, 'subsample': 0.7740853428008558}. Best is trial 0 with value: 1.421799025657793.
[I 2025-09-04 19:48:09,866] Trial 16 finished with value: 2.542479464539139 and parameters: {'learning_rate': 0.06284152925659438, 'depth': 12, 'l2_leaf_reg': 5.4062800218434575, 'subsample': 0.8908600768843604}. Best is trial 0 with value: 1.421799025657793.
[I 2025-09-04 19:48:11,916] Trial 17 finished with value: 2.5688013715389917 and parameters: {'learning_rate': 0.03574216690477116, 'depth': 10, 'l2_leaf_reg': 1.0676305970744064, 'subsample': 0.8369521580109889}. Best is trial 0 with value: 1.421799025657793.
[I 2025-09-04 19:48:13,796] Trial 18 finished with value: 2.821807065144402 and parameters: {'learning_rate': 0.04395921562414666, 'depth': 10, 'l2_leaf_reg': 9.911901808331635, 'subsample': 0.7359506727989664}. Best is trial 0 with value: 1.421799025657793.
[I 2025-09-04 20:06:06,674] Trial 19 finished with value: 1.4814376278805612 and parameters: {'learning_rate': 0.08464447130728586, 'depth': 12, 'l2_leaf_reg': 3.3989164915300827, 'subsample': 0.9334120912434197}. Best is trial 0 with value: 1.421799025657793.
[I 2025-09-04 20:06:42,568] Trial 20 finished with value: 1.8473085966579845 and parameters: {'learning_rate': 0.0996502839141293, 'depth': 11, 'l2_leaf_reg': 3.470969001070234, 'subsample': 0.9989149557850623}. Best is trial 0 with value: 1.421799025657793.
[I 2025-09-04 20:16:02,522] Trial 21 finished with value: 1.5482760716203752 and parameters: {'learning_rate': 0.08182735109590109, 'depth': 12, 'l2_leaf_reg': 1.6994802230345454, 'subsample': 0.9315565488833403}. Best is trial 0 with value: 1.421799025657793.
[I 2025-09-04 20:16:11,480] Trial 22 finished with value: 2.507083541246517 and parameters: {'learning_rate': 0.06292981979817032, 'depth': 12, 'l2_leaf_reg': 3.3705353615325033, 'subsample': 0.8635029074864433}. Best is trial 0 with value: 1.421799025657793.
[I 2025-09-04 20:16:17,530] Trial 23 finished with value: 2.448854145063805 and parameters: {'learning_rate': 0.08315103215598084, 'depth': 11, 'l2_leaf_reg': 5.313710851525768, 'subsample': 0.9278577655921597}. Best is trial 0 with value: 1.421799025657793.
[I 2025-09-04 20:25:30,342] Trial 24 finished with value: 1.5399095151363 and parameters: {'learning_rate': 0.0901147765869891, 'depth': 12, 'l2_leaf_reg': 3.4167758009857736, 'subsample': 0.801405332717064}. Best is trial 0 with value: 1.421799025657793.
[I 2025-09-04 20:25:51,529] Trial 25 finished with value: 1.695269768261917 and parameters: {'learning_rate': 0.0771140882124015, 'depth': 10, 'l2_leaf_reg': 2.0102100962847946, 'subsample': 0.8626765343167685}. Best is trial 0 with value: 1.421799025657793.
[I 2025-09-04 20:25:55,109] Trial 26 finished with value: 2.622164357053818 and parameters: {'learning_rate': 0.06209213348360265, 'depth': 11, 'l2_leaf_reg': 7.458101574920095, 'subsample': 0.7583699339422558}. Best is trial 0 with value: 1.421799025657793.
[I 2025-09-04 20:26:05,313] Trial 27 finished with value: 2.4854776183961285 and parameters: {'learning_rate': 0.09199282940513395, 'depth': 12, 'l2_leaf_reg': 8.659368638056092, 'subsample': 0.813590910577878}. Best is trial 0 with value: 1.421799025657793.
[I 2025-09-04 20:26:05,898] Trial 28 finished with value: 2.621766596397247 and parameters: {'learning_rate': 0.046571914455599064, 'depth': 7, 'l2_leaf_reg': 1.5833599227893682, 'subsample': 0.9378236527279793}. Best is trial 0 with value: 1.421799025657793.
[I 2025-09-04 20:26:07,073] Trial 29 finished with value: 2.6204885485889484 and parameters: {'learning_rate': 0.05957588254901585, 'depth': 9, 'l2_leaf_reg': 2.8753132186525487, 'subsample': 0.6906088373358471}. Best is trial 0 with value: 1.421799025657793.
[I 2025-09-04 20:26:10,924] Trial 30 finished with value: 2.822226099135564 and parameters: {'learning_rate': 0.025482138961549963, 'depth': 11, 'l2_leaf_reg': 4.855149085285707, 'subsample': 0.7224147605232178}. Best is trial 0 with value: 1.421799025657793.
[I 2025-09-04 20:33:44,085] Trial 31 finished with value: 1.5492354333581055 and parameters: {'learning_rate': 0.06974204921159324, 'depth': 12, 'l2_leaf_reg': 1.082012688931846, 'subsample': 0.8186652561039857}. Best is trial 0 with value: 1.421799025657793.
[I 2025-09-04 20:45:46,548] Trial 32 finished with value: 1.5216302701824913 and parameters: {'learning_rate': 0.07737576254160211, 'depth': 12, 'l2_leaf_reg': 1.4842380859196513, 'subsample': 0.8550775723077432}. Best is trial 0 with value: 1.421799025657793.
[I 2025-09-04 20:45:54,042] Trial 33 finished with value: 2.586736036745104 and parameters: {'learning_rate': 0.06713469158896453, 'depth': 12, 'l2_leaf_reg': 5.9231219461665034, 'subsample': 0.8921491654431507}. Best is trial 0 with value: 1.421799025657793.
[I 2025-09-04 20:45:59,771] Trial 34 finished with value: 2.4608104026269677 and parameters: {'learning_rate': 0.07523062935699298, 'depth': 11, 'l2_leaf_reg': 3.8771640316369442, 'subsample': 0.8343779648928432}. Best is trial 0 with value: 1.421799025657793.
[I 2025-09-04 20:46:08,569] Trial 35 finished with value: 2.5257147888525444 and parameters: {'learning_rate': 0.05012994565477361, 'depth': 12, 'l2_leaf_reg': 2.115028241459142, 'subsample': 0.7695766854360808}. Best is trial 0 with value: 1.421799025657793.
[I 2025-09-04 20:46:09,272] Trial 36 finished with value: 2.6488745930853184 and parameters: {'learning_rate': 0.08457326547556317, 'depth': 8, 'l2_leaf_reg': 8.741673188065446, 'subsample': 0.8037360104302971}. Best is trial 0 with value: 1.421799025657793.
[I 2025-09-04 20:46:14,319] Trial 37 finished with value: 2.4862807153146975 and parameters: {'learning_rate': 0.05538584305538615, 'depth': 11, 'l2_leaf_reg': 1.0037193768663255, 'subsample': 0.956929946045788}. Best is trial 0 with value: 1.421799025657793.
[I 2025-09-04 20:46:23,361] Trial 38 finished with value: 2.6094543569800694 and parameters: {'learning_rate': 0.04578145420477569, 'depth': 12, 'l2_leaf_reg': 2.616206940342799, 'subsample': 0.9084170501640808}. Best is trial 0 with value: 1.421799025657793.
[I 2025-09-04 20:46:25,311] Trial 39 finished with value: 2.681705514906234 and parameters: {'learning_rate': 0.03967619233005408, 'depth': 10, 'l2_leaf_reg': 3.0044715948438347, 'subsample': 0.8550219361799634}. Best is trial 0 with value: 1.421799025657793.
[I 2025-09-04 20:46:30,671] Trial 40 finished with value: 2.539650520587124 and parameters: {'learning_rate': 0.06545498250405007, 'depth': 11, 'l2_leaf_reg': 3.927369315333917, 'subsample': 0.6495640300892024}. Best is trial 0 with value: 1.421799025657793.
[I 2025-09-04 20:46:36,815] Trial 41 finished with value: 1.9007874434485068 and parameters: {'learning_rate': 0.09943263790548157, 'depth': 9, 'l2_leaf_reg': 2.4338945791048965, 'subsample': 0.7472187750977339}. Best is trial 0 with value: 1.421799025657793.
[I 2025-09-04 20:46:37,646] Trial 42 finished with value: 2.343691462432619 and parameters: {'learning_rate': 0.09456383637920684, 'depth': 8, 'l2_leaf_reg': 1.9379088573968737, 'subsample': 0.718387590870352}. Best is trial 0 with value: 1.421799025657793.
[I 2025-09-04 20:46:38,691] Trial 43 finished with value: 2.073591151473186 and parameters: {'learning_rate': 0.09566556891337458, 'depth': 7, 'l2_leaf_reg': 1.3476571907375772, 'subsample': 0.7847445134831674}. Best is trial 0 with value: 1.421799025657793.
[I 2025-09-04 20:46:40,582] Trial 44 finished with value: 2.2462640727132417 and parameters: {'learning_rate': 0.0870818446977743, 'depth': 9, 'l2_leaf_reg': 1.9323557736755483, 'subsample': 0.6441677829759636}. Best is trial 0 with value: 1.421799025657793.
[I 2025-09-04 20:46:41,303] Trial 45 finished with value: 2.624601915510915 and parameters: {'learning_rate': 0.07429117389020119, 'depth': 8, 'l2_leaf_reg': 7.38319807559102, 'subsample': 0.8281359793501039}. Best is trial 0 with value: 1.421799025657793.
[I 2025-09-04 20:46:43,797] Trial 46 finished with value: 2.3269200144438242 and parameters: {'learning_rate': 0.07965727891252057, 'depth': 10, 'l2_leaf_reg': 2.4956401076507184, 'subsample': 0.7853641811319052}. Best is trial 0 with value: 1.421799025657793.
[I 2025-09-04 20:46:53,366] Trial 47 finished with value: 2.5798916512338126 and parameters: {'learning_rate': 0.05908884651829167, 'depth': 12, 'l2_leaf_reg': 3.13080575685634, 'subsample': 0.8745716421497514}. Best is trial 0 with value: 1.421799025657793.
[I 2025-09-04 20:46:53,794] Trial 48 finished with value: 2.7192004227275715 and parameters: {'learning_rate': 0.05123676004113141, 'depth': 7, 'l2_leaf_reg': 6.517307053674846, 'subsample': 0.6948841277566759}. Best is trial 0 with value: 1.421799025657793.
[I 2025-09-04 20:46:55,033] Trial 49 finished with value: 2.4441028904009334 and parameters: {'learning_rate': 0.08783354643847782, 'depth': 9, 'l2_leaf_reg': 4.772737610358576, 'subsample': 0.8452494042778685}. Best is trial 0 with value: 1.421799025657793.
[I 2025-09-04 20:46:59,495] Trial 50 finished with value: 2.383235031424768 and parameters: {'learning_rate': 0.0715212355670598, 'depth': 11, 'l2_leaf_reg': 1.4258393259131377, 'subsample': 0.9975087245448221}. Best is trial 0 with value: 1.421799025657793.
[I 2025-09-04 20:58:50,939] Trial 51 finished with value: 1.515009665183486 and parameters: {'learning_rate': 0.07930318465316444, 'depth': 12, 'l2_leaf_reg': 1.462343345847552, 'subsample': 0.8946276886688387}. Best is trial 0 with value: 1.421799025657793.
