Hyperparameter search

Loading and preparing data from master3.3.csv...

[I 2025-09-01 11:38:11,744] A new study created in memory with name: no-name-dffadb39-7502-4837-a837-f82bd0ede722

Using 5615 real measurements for training
Data preparation complete.

Starting hyperparameter search for CatBoost...

[I 2025-09-01 11:38:27,724] Trial 0 finished with value: 2.053727963267613 and parameters: {'learning_rate': 0.09300426255367904, 'depth': 6, 'l2_leaf_reg': 3.8363278331953965, 'subsample': 0.9176960323980289}. Best is trial 0 with value: 2.053727963267613.
[I 2025-09-01 11:39:22,087] Trial 1 finished with value: 1.6902959255337446 and parameters: {'learning_rate': 0.06477640908370878, 'depth': 9, 'l2_leaf_reg': 3.770234957954577, 'subsample': 0.9847428834305484}. Best is trial 1 with value: 1.6902959255337446.
[I 2025-09-01 11:40:09,304] Trial 2 finished with value: 1.574350633818506 and parameters: {'learning_rate': 0.07447122655295853, 'depth': 9, 'l2_leaf_reg': 6.798795479713487, 'subsample': 0.7442608363066687}. Best is trial 2 with value: 1.574350633818506.
[I 2025-09-01 11:40:47,438] Trial 3 finished with value: 1.5161882621785623 and parameters: {'learning_rate': 0.06228022553267182, 'depth': 8, 'l2_leaf_reg': 8.22908402097925, 'subsample': 0.9670852941124142}. Best is trial 3 with value: 1.5161882621785623.
[I 2025-09-01 11:41:25,855] Trial 4 finished with value: 1.6431229240500569 and parameters: {'learning_rate': 0.08449782883491877, 'depth': 8, 'l2_leaf_reg': 5.817522456865208, 'subsample': 0.8112209327817361}. Best is trial 3 with value: 1.5161882621785623.
[I 2025-09-01 11:41:58,222] Trial 5 finished with value: 1.841915878858326 and parameters: {'learning_rate': 0.06500291282665273, 'depth': 8, 'l2_leaf_reg': 5.934185713084733, 'subsample': 0.9197373663120996}. Best is trial 3 with value: 1.5161882621785623.
[I 2025-09-01 11:42:36,447] Trial 6 finished with value: 1.7305107982721557 and parameters: {'learning_rate': 0.08695736965020695, 'depth': 6, 'l2_leaf_reg': 9.904981295088119, 'subsample': 0.9295881193637306}. Best is trial 3 with value: 1.5161882621785623.
[I 2025-09-01 11:43:58,059] Trial 7 finished with value: 1.5799024636707542 and parameters: {'learning_rate': 0.027718457561684888, 'depth': 9, 'l2_leaf_reg': 7.343452485699929, 'subsample': 0.9380485681939619}. Best is trial 3 with value: 1.5161882621785623.
[I 2025-09-01 11:44:41,014] Trial 8 finished with value: 1.539914146470118 and parameters: {'learning_rate': 0.07205722493117345, 'depth': 9, 'l2_leaf_reg': 6.453407946213437, 'subsample': 0.8071070955478272}. Best is trial 3 with value: 1.5161882621785623.
[I 2025-09-01 11:45:22,539] Trial 9 finished with value: 1.8992837407282424 and parameters: {'learning_rate': 0.042852470657167165, 'depth': 6, 'l2_leaf_reg': 5.766707632475611, 'subsample': 0.8221636832531105}. Best is trial 3 with value: 1.5161882621785623.
[I 2025-09-01 11:49:49,531] Trial 10 finished with value: 1.4892469725617288 and parameters: {'learning_rate': 0.010580556084830703, 'depth': 12, 'l2_leaf_reg': 1.473710459808986, 'subsample': 0.6240976609545559}. Best is trial 10 with value: 1.4892469725617288.
[I 2025-09-01 11:54:16,132] Trial 11 finished with value: 1.500894397551232 and parameters: {'learning_rate': 0.010748288120826344, 'depth': 12, 'l2_leaf_reg': 1.2133344111472946, 'subsample': 0.6030597059778967}. Best is trial 10 with value: 1.4892469725617288.
[I 2025-09-01 11:58:41,288] Trial 12 finished with value: 1.5208364563525465 and parameters: {'learning_rate': 0.010322366584261947, 'depth': 12, 'l2_leaf_reg': 1.0822393369939551, 'subsample': 0.6128048190129068}. Best is trial 10 with value: 1.4892469725617288.
[I 2025-09-01 12:03:07,223] Trial 13 finished with value: 1.5182519754701749 and parameters: {'learning_rate': 0.011280217078133025, 'depth': 12, 'l2_leaf_reg': 1.1910990928625196, 'subsample': 0.6131454135211241}. Best is trial 10 with value: 1.4892469725617288.
[I 2025-09-01 12:05:44,689] Trial 14 finished with value: 1.543323863847803 and parameters: {'learning_rate': 0.029829207050281914, 'depth': 11, 'l2_leaf_reg': 2.657714020221129, 'subsample': 0.6843184696480198}. Best is trial 10 with value: 1.4892469725617288.
[I 2025-09-01 12:08:21,701] Trial 15 finished with value: 1.552028952959881 and parameters: {'learning_rate': 0.024975992710348588, 'depth': 11, 'l2_leaf_reg': 2.5414295801324935, 'subsample': 0.6843276300486663}. Best is trial 10 with value: 1.4892469725617288.
[I 2025-09-01 12:10:18,606] Trial 16 finished with value: 1.6226065518078132 and parameters: {'learning_rate': 0.045674230178827345, 'depth': 11, 'l2_leaf_reg': 4.242496051197465, 'subsample': 0.6748922687227196}. Best is trial 10 with value: 1.4892469725617288.
[I 2025-09-01 12:14:37,906] Trial 17 finished with value: 1.5372752874502777 and parameters: {'learning_rate': 0.020142595840716725, 'depth': 12, 'l2_leaf_reg': 2.16107896139423, 'subsample': 0.7350668884515345}. Best is trial 10 with value: 1.4892469725617288.
[I 2025-09-01 12:16:23,510] Trial 18 finished with value: 1.5561582772685703 and parameters: {'learning_rate': 0.03957012629681518, 'depth': 10, 'l2_leaf_reg': 4.646478152643473, 'subsample': 0.6537734476821484}. Best is trial 10 with value: 1.4892469725617288.
[I 2025-09-01 12:18:10,773] Trial 19 finished with value: 1.485650931705597 and parameters: {'learning_rate': 0.018006222260313884, 'depth': 10, 'l2_leaf_reg': 1.8026383903546042, 'subsample': 0.7451120215111794}. Best is trial 19 with value: 1.485650931705597.
[I 2025-09-01 12:19:46,552] Trial 20 finished with value: 1.4773371617513653 and parameters: {'learning_rate': 0.03634997895363076, 'depth': 10, 'l2_leaf_reg': 3.02437922194989, 'subsample': 0.749770419095201}. Best is trial 20 with value: 1.4773371617513653.
[I 2025-09-01 12:21:18,619] Trial 21 finished with value: 1.5420412542187665 and parameters: {'learning_rate': 0.03498094966326182, 'depth': 10, 'l2_leaf_reg': 2.1274356242310577, 'subsample': 0.7526462312607355}. Best is trial 20 with value: 1.4773371617513653.
[I 2025-09-01 12:23:04,727] Trial 22 finished with value: 1.5919495994442032 and parameters: {'learning_rate': 0.020795622996452486, 'depth': 10, 'l2_leaf_reg': 3.1531957517888456, 'subsample': 0.8657735818637754}. Best is trial 20 with value: 1.4773371617513653.
[I 2025-09-01 12:24:45,112] Trial 23 finished with value: 1.5062902964138256 and parameters: {'learning_rate': 0.05131908637626912, 'depth': 11, 'l2_leaf_reg': 1.7586299683820759, 'subsample': 0.7726835701409065}. Best is trial 20 with value: 1.4773371617513653.
[I 2025-09-01 12:26:32,014] Trial 24 finished with value: 1.5248204236785226 and parameters: {'learning_rate': 0.018626588873677515, 'depth': 10, 'l2_leaf_reg': 3.039973118789542, 'subsample': 0.7186903479805025}. Best is trial 20 with value: 1.4773371617513653.
[I 2025-09-01 12:27:24,553] Trial 25 finished with value: 1.7980464363697015 and parameters: {'learning_rate': 0.034097866573144744, 'depth': 7, 'l2_leaf_reg': 1.8196339242644424, 'subsample': 0.8699645684347865}. Best is trial 20 with value: 1.4773371617513653.
[I 2025-09-01 12:30:00,057] Trial 26 finished with value: 1.551428542701066 and parameters: {'learning_rate': 0.016271925977949506, 'depth': 11, 'l2_leaf_reg': 4.6174183426276185, 'subsample': 0.7092922564233463}. Best is trial 20 with value: 1.4773371617513653.
[I 2025-09-01 12:31:33,705] Trial 27 finished with value: 1.4859115743571771 and parameters: {'learning_rate': 0.02636486885448395, 'depth': 10, 'l2_leaf_reg': 3.1455752371451267, 'subsample': 0.7795156156024886}. Best is trial 20 with value: 1.4773371617513653.
[I 2025-09-01 12:33:07,289] Trial 28 finished with value: 1.5750225691415043 and parameters: {'learning_rate': 0.05336059806201841, 'depth': 10, 'l2_leaf_reg': 4.997709816081613, 'subsample': 0.7836674431889555}. Best is trial 20 with value: 1.4773371617513653.
[I 2025-09-01 12:34:32,045] Trial 29 finished with value: 1.6358489166979806 and parameters: {'learning_rate': 0.03344181895752696, 'depth': 9, 'l2_leaf_reg': 3.7172197906296782, 'subsample': 0.8444551617979162}. Best is trial 20 with value: 1.4773371617513653.


--- Optuna Search Complete ---
Best trial:
  Value (Validation RMSE): 1.4773
  Params: 
    learning_rate: 0.03634997895363076
    depth: 10
    l2_leaf_reg: 3.02437922194989
    subsample: 0.749770419095201




Loading and preparing data from master3.3.csv...

[I 2025-09-01 13:08:33,507] A new study created in memory with name: no-name-af421c7f-c4a6-4ac1-b2ed-de83d0db1b90

Using 5615 real measurements for training.
Data preparation complete.

Starting FOCUSED hyperparameter search for CatBoost...

[I 2025-09-01 13:10:31,721] Trial 0 finished with value: 1.4773371617513653 and parameters: {'learning_rate': 0.03634997895363076, 'depth': 10, 'l2_leaf_reg': 3.02437922194989, 'subsample': 0.749770419095201}. Best is trial 0 with value: 1.4773371617513653.
[I 2025-09-01 13:12:42,991] Trial 1 finished with value: 1.4707926770237725 and parameters: {'learning_rate': 0.029237156556506008, 'depth': 10, 'l2_leaf_reg': 8.80655546353136, 'subsample': 0.6021514945758824}. Best is trial 1 with value: 1.4707926770237725.
[I 2025-09-01 13:12:48,192] Trial 2 finished with value: 1.9374643263424849 and parameters: {'learning_rate': 0.018116881985627546, 'depth': 6, 'l2_leaf_reg': 7.316190263856815, 'subsample': 0.643143440744716}. Best is trial 1 with value: 1.4707926770237725.
[I 2025-09-01 13:14:05,463] Trial 3 finished with value: 1.631964926627698 and parameters: {'learning_rate': 0.052015766390265186, 'depth': 10, 'l2_leaf_reg': 2.5334106504534337, 'subsample': 0.6075959559091461}. Best is trial 1 with value: 1.4707926770237725.
[I 2025-09-01 13:16:17,532] Trial 4 finished with value: 1.5197018620810583 and parameters: {'learning_rate': 0.04241659662352042, 'depth': 10, 'l2_leaf_reg': 7.040412741901132, 'subsample': 0.6693226417188028}. Best is trial 1 with value: 1.4707926770237725.
[I 2025-09-01 13:19:06,082] Trial 5 finished with value: 1.5302434051916487 and parameters: {'learning_rate': 0.07182384218141154, 'depth': 12, 'l2_leaf_reg': 3.70404558704561, 'subsample': 0.6652557471803003}. Best is trial 1 with value: 1.4707926770237725.
[I 2025-09-01 13:19:27,795] Trial 6 finished with value: 1.8144239939290476 and parameters: {'learning_rate': 0.025025836784109926, 'depth': 6, 'l2_leaf_reg': 7.278235098928661, 'subsample': 0.7156354836979759}. Best is trial 1 with value: 1.4707926770237725.
[I 2025-09-01 13:20:19,317] Trial 7 finished with value: 1.7920524290762017 and parameters: {'learning_rate': 0.04916851952990001, 'depth': 8, 'l2_leaf_reg': 4.106691631733425, 'subsample': 0.6432326665855016}. Best is trial 1 with value: 1.4707926770237725.
[I 2025-09-01 13:21:46,400] Trial 8 finished with value: 1.6493621071161786 and parameters: {'learning_rate': 0.05035452614771483, 'depth': 9, 'l2_leaf_reg': 9.801159442029553, 'subsample': 0.9887459344589005}. Best is trial 1 with value: 1.4707926770237725.
[I 2025-09-01 13:22:39,807] Trial 9 finished with value: 1.6083370668297052 and parameters: {'learning_rate': 0.01766553391304423, 'depth': 8, 'l2_leaf_reg': 7.288724111144433, 'subsample': 0.7867414063662657}. Best is trial 1 with value: 1.4707926770237725.
[I 2025-09-01 13:26:46,340] Trial 10 finished with value: 1.4928970554780632 and parameters: {'learning_rate': 0.09920706314767477, 'depth': 12, 'l2_leaf_reg': 9.56473221473565, 'subsample': 0.8796428409865256}. Best is trial 1 with value: 1.4707926770237725.
[I 2025-09-01 13:28:22,297] Trial 11 finished with value: 1.513569628122968 and parameters: {'learning_rate': 0.03177361287453725, 'depth': 10, 'l2_leaf_reg': 1.3091298053062213, 'subsample': 0.7742404994819798}. Best is trial 1 with value: 1.4707926770237725.
[I 2025-09-01 13:30:07,771] Trial 12 finished with value: 1.7298993970136964 and parameters: {'learning_rate': 0.06889191908532397, 'depth': 11, 'l2_leaf_reg': 5.201626292835057, 'subsample': 0.8953874279449964}. Best is trial 1 with value: 1.4707926770237725.
[I 2025-09-01 13:31:43,617] Trial 13 finished with value: 1.509060884942722 and parameters: {'learning_rate': 0.0344823144923507, 'depth': 9, 'l2_leaf_reg': 5.512072832656763, 'subsample': 0.7277719289860364}. Best is trial 1 with value: 1.4707926770237725.
[I 2025-09-01 13:33:11,211] Trial 14 finished with value: 1.4455958397603181 and parameters: {'learning_rate': 0.06599093771128242, 'depth': 11, 'l2_leaf_reg': 1.5411099462892297, 'subsample': 0.726056962147056}. Best is trial 14 with value: 1.4455958397603181.
[I 2025-09-01 13:34:46,219] Trial 15 finished with value: 1.485522305679984 and parameters: {'learning_rate': 0.06651373983297691, 'depth': 11, 'l2_leaf_reg': 1.2290872790283487, 'subsample': 0.8594935657161459}. Best is trial 14 with value: 1.4455958397603181.
[I 2025-09-01 13:37:01,552] Trial 16 finished with value: 1.5681043888063075 and parameters: {'learning_rate': 0.08650545124250249, 'depth': 11, 'l2_leaf_reg': 8.673780136312143, 'subsample': 0.8365921334580182}. Best is trial 14 with value: 1.4455958397603181.
[I 2025-09-01 13:37:57,445] Trial 17 finished with value: 1.559675096829112 and parameters: {'learning_rate': 0.06253746003140474, 'depth': 9, 'l2_leaf_reg': 5.790803841591009, 'subsample': 0.7051744069085545}. Best is trial 14 with value: 1.4455958397603181.
[I 2025-09-01 13:38:50,406] Trial 18 finished with value: 1.6036732448377955 and parameters: {'learning_rate': 0.010174953963950163, 'depth': 8, 'l2_leaf_reg': 8.572112278552412, 'subsample': 0.6066768676220622}. Best is trial 14 with value: 1.4455958397603181.
[I 2025-09-01 13:42:36,743] Trial 19 finished with value: 1.5036207494126606 and parameters: {'learning_rate': 0.07990910445787386, 'depth': 12, 'l2_leaf_reg': 2.3899173658982003, 'subsample': 0.8174716392866155}. Best is trial 14 with value: 1.4455958397603181.
[I 2025-09-01 13:45:26,105] Trial 20 finished with value: 1.548416894314073 and parameters: {'learning_rate': 0.05857160643705735, 'depth': 11, 'l2_leaf_reg': 6.3696034552578, 'subsample': 0.9203978765673522}. Best is trial 14 with value: 1.4455958397603181.
[I 2025-09-01 13:47:09,839] Trial 21 finished with value: 1.5013616637839655 and parameters: {'learning_rate': 0.04004255030119421, 'depth': 10, 'l2_leaf_reg': 2.6423560528660186, 'subsample': 0.7598617930675712}. Best is trial 14 with value: 1.4455958397603181.
[I 2025-09-01 13:49:22,393] Trial 22 finished with value: 1.5315346285350766 and parameters: {'learning_rate': 0.027094750341584904, 'depth': 10, 'l2_leaf_reg': 3.813730026362231, 'subsample': 0.7395395954671625}. Best is trial 14 with value: 1.4455958397603181.
[I 2025-09-01 13:52:37,738] Trial 23 finished with value: 1.4697490806713112 and parameters: {'learning_rate': 0.04101615836469492, 'depth': 11, 'l2_leaf_reg': 1.9605822385512839, 'subsample': 0.6884506589570498}. Best is trial 14 with value: 1.4455958397603181.
[I 2025-09-01 13:54:36,791] Trial 24 finished with value: 1.4752703316214482 and parameters: {'learning_rate': 0.046538676628958955, 'depth': 11, 'l2_leaf_reg': 1.8745171323789167, 'subsample': 0.6881258987724377}. Best is trial 14 with value: 1.4455958397603181.
[I 2025-09-01 13:58:27,315] Trial 25 finished with value: 1.5800163323473537 and parameters: {'learning_rate': 0.07863680104426216, 'depth': 12, 'l2_leaf_reg': 4.625972870622603, 'subsample': 0.6333245373684712}. Best is trial 14 with value: 1.4455958397603181.
[I 2025-09-01 14:00:07,902] Trial 26 finished with value: 1.5476987610039712 and parameters: {'learning_rate': 0.05722230204853603, 'depth': 11, 'l2_leaf_reg': 1.6970612613135116, 'subsample': 0.6856493083024369}. Best is trial 14 with value: 1.4455958397603181.
[I 2025-09-01 14:04:39,814] Trial 27 finished with value: 1.5200085380359067 and parameters: {'learning_rate': 0.02668634829241534, 'depth': 11, 'l2_leaf_reg': 3.2309848976617626, 'subsample': 0.6049950617200904}. Best is trial 14 with value: 1.4455958397603181.

Loading and preparing data from master3.3.csv...

[I 2025-09-03 16:51:06,171] A new study created in memory with name: no-name-0301d373-d511-466f-91d5-789db198f1b4

Using 5615 real measurements for training.
Data preparation complete.

Starting FOCUSED hyperparameter search (restarted)...

[I 2025-09-03 16:52:32,023] Trial 0 finished with value: 1.4455958397603181 and parameters: {'learning_rate': 0.06599093771128242, 'depth': 11, 'l2_leaf_reg': 1.5411099462892297, 'subsample': 0.726056962147056}. Best is trial 0 with value: 1.4455958397603181.
[I 2025-09-03 16:54:06,732] Trial 1 finished with value: 1.472485023604804 and parameters: {'learning_rate': 0.021960013652600495, 'depth': 9, 'l2_leaf_reg': 9.273594837212453, 'subsample': 0.6859969650857158}. Best is trial 0 with value: 1.4455958397603181.
[I 2025-09-03 17:03:20,293] Trial 2 finished with value: 1.5981855411527255 and parameters: {'learning_rate': 0.02999185063614246, 'depth': 12, 'l2_leaf_reg': 5.900763596743533, 'subsample': 0.7088829215279138}. Best is trial 0 with value: 1.4455958397603181.
[I 2025-09-03 17:04:12,871] Trial 3 finished with value: 1.5703639891648178 and parameters: {'learning_rate': 0.01914725011718888, 'depth': 8, 'l2_leaf_reg': 9.654716155225557, 'subsample': 0.7820185671801604}. Best is trial 0 with value: 1.4455958397603181.
[I 2025-09-03 17:06:11,774] Trial 4 finished with value: 1.6231857511180752 and parameters: {'learning_rate': 0.04235830275644498, 'depth': 10, 'l2_leaf_reg': 2.344020837090425, 'subsample': 0.8715949783229653}. Best is trial 0 with value: 1.4455958397603181.
[I 2025-09-03 17:06:28,947] Trial 5 finished with value: 1.8311016631813481 and parameters: {'learning_rate': 0.05306210574257312, 'depth': 6, 'l2_leaf_reg': 9.77105932281441, 'subsample': 0.8302675747890699}. Best is trial 0 with value: 1.4455958397603181.
[I 2025-09-03 17:11:21,890] Trial 6 finished with value: 1.6860594673868043 and parameters: {'learning_rate': 0.06483899127823735, 'depth': 12, 'l2_leaf_reg': 4.907770744139141, 'subsample': 0.9017606647558659}. Best is trial 0 with value: 1.4455958397603181.
[I 2025-09-03 17:20:43,870] Trial 7 finished with value: 1.5416983619099522 and parameters: {'learning_rate': 0.016519067763424634, 'depth': 12, 'l2_leaf_reg': 5.752340347517191, 'subsample': 0.8842154670788989}. Best is trial 0 with value: 1.4455958397603181.
[I 2025-09-03 17:20:58,032] Trial 8 finished with value: 1.7924685609371522 and parameters: {'learning_rate': 0.08598595563324565, 'depth': 8, 'l2_leaf_reg': 3.5369825509135557, 'subsample': 0.8513426747857058}. Best is trial 0 with value: 1.4455958397603181.
[I 2025-09-03 17:21:14,232] Trial 9 finished with value: 1.8779585843994806 and parameters: {'learning_rate': 0.05039556514845808, 'depth': 6, 'l2_leaf_reg': 5.931015729617341, 'subsample': 0.9764147997801668}. Best is trial 0 with value: 1.4455958397603181.
[I 2025-09-03 17:21:56,053] Trial 10 finished with value: 1.6896149005606145 and parameters: {'learning_rate': 0.0985084657451415, 'depth': 10, 'l2_leaf_reg': 1.3344792468910938, 'subsample': 0.6330961857369108}. Best is trial 0 with value: 1.4455958397603181.
[I 2025-09-03 17:23:36,104] Trial 11 finished with value: 1.554305626082931 and parameters: {'learning_rate': 0.06878557042475159, 'depth': 10, 'l2_leaf_reg': 7.896950339174173, 'subsample': 0.7102646364657234}. Best is trial 0 with value: 1.4455958397603181.
[I 2025-09-03 17:24:59,317] Trial 12 finished with value: 1.5761310253487546 and parameters: {'learning_rate': 0.07477198358355246, 'depth': 9, 'l2_leaf_reg': 8.115210064583545, 'subsample': 0.6024732223394466}. Best is trial 0 with value: 1.4455958397603181.
[I 2025-09-03 17:28:29,871] Trial 13 finished with value: 1.5398440414419108 and parameters: {'learning_rate': 0.03594720347800709, 'depth': 11, 'l2_leaf_reg': 3.8498308486067034, 'subsample': 0.7382941862198065}. Best is trial 0 with value: 1.4455958397603181.
[I 2025-09-03 17:29:18,919] Trial 14 finished with value: 1.7723094916466384 and parameters: {'learning_rate': 0.061943897451798915, 'depth': 8, 'l2_leaf_reg': 7.21986343812252, 'subsample': 0.6580045603515289}. Best is trial 0 with value: 1.4455958397603181.
[I 2025-09-03 17:29:47,150] Trial 15 finished with value: 1.6651201037825323 and parameters: {'learning_rate': 0.08138646660633761, 'depth': 9, 'l2_leaf_reg': 1.1094647431779259, 'subsample': 0.6724679722969642}. Best is trial 0 with value: 1.4455958397603181.
[I 2025-09-03 17:34:03,243] Trial 16 finished with value: 1.5010114557648029 and parameters: {'learning_rate': 0.027403878994725565, 'depth': 11, 'l2_leaf_reg': 2.896873163420619, 'subsample': 0.764801585418503}. Best is trial 0 with value: 1.4455958397603181.
[I 2025-09-03 17:38:35,524] Trial 17 finished with value: 1.4701496855637985 and parameters: {'learning_rate': 0.010234517575353624, 'depth': 11, 'l2_leaf_reg': 8.867185520060993, 'subsample': 0.698088880365028}. Best is trial 0 with value: 1.4455958397603181.
[I 2025-09-03 17:43:10,647] Trial 18 finished with value: 1.4978953128397636 and parameters: {'learning_rate': 0.012098061719333572, 'depth': 11, 'l2_leaf_reg': 7.097795327526811, 'subsample': 0.7462127249341854}. Best is trial 0 with value: 1.4455958397603181.
[I 2025-09-03 17:47:48,112] Trial 19 finished with value: 1.5586149202957693 and parameters: {'learning_rate': 0.040155205962466, 'depth': 11, 'l2_leaf_reg': 4.863171165065019, 'subsample': 0.8263751847088328}. Best is trial 0 with value: 1.4455958397603181.
[I 2025-09-03 17:50:01,505] Trial 20 finished with value: 1.4510405309221577 and parameters: {'learning_rate': 0.049027097596503394, 'depth': 10, 'l2_leaf_reg': 8.532710731948264, 'subsample': 0.7981983893384256}. Best is trial 0 with value: 1.4455958397603181.
