[I 2025-09-05 19:34:53,418] Trial 59 finished with value: 1.502873893895819 and parameters: {'learning_rate': 0.08928324567028635, 'depth': 11, 'l2_leaf_reg': 1.3896485363716227, 'subsample': 0.8782749768052178}. Best is trial 0 with value: 1.421799025657793.
[I 2025-09-05 19:34:56,063] Trial 60 finished with value: 2.4395028056832815 and parameters: {'learning_rate': 0.0901589592375801, 'depth': 10, 'l2_leaf_reg': 4.977986320158195, 'subsample': 0.8949167987239472}. Best is trial 0 with value: 1.421799025657793.
[I 2025-09-05 19:38:18,696] Trial 61 finished with value: 1.5309551190827826 and parameters: {'learning_rate': 0.09411973373173595, 'depth': 11, 'l2_leaf_reg': 1.3662479674868702, 'subsample': 0.8784330243906198}. Best is trial 0 with value: 1.421799025657793.
[I 2025-09-05 19:38:39,895] Trial 62 finished with value: 2.022769393592856 and parameters: {'learning_rate': 0.084380566398462, 'depth': 12, 'l2_leaf_reg': 1.819934797488115, 'subsample': 0.8395459265926776}. Best is trial 0 with value: 1.421799025657793.
[I 2025-09-05 19:38:43,885] Trial 63 finished with value: 2.436236874580366 and parameters: {'learning_rate': 0.0765710646091272, 'depth': 11, 'l2_leaf_reg': 2.4035831844619047, 'subsample': 0.857470160309736}. Best is trial 0 with value: 1.421799025657793.
[I 2025-09-05 19:38:48,614] Trial 64 finished with value: 2.6137538532995563 and parameters: {'learning_rate': 0.04659566295152608, 'depth': 11, 'l2_leaf_reg': 1.3497644032998708, 'subsample': 0.9314383128079676}. Best is trial 0 with value: 1.421799025657793.
[I 2025-09-05 19:38:59,438] Trial 65 finished with value: 2.2936647424918633 and parameters: {'learning_rate': 0.08894496246235503, 'depth': 12, 'l2_leaf_reg': 1.9808399724551102, 'subsample': 0.6423343461513719}. Best is trial 0 with value: 1.421799025657793.
[I 2025-09-05 19:39:09,229] Trial 66 finished with value: 2.5348608509809654 and parameters: {'learning_rate': 0.08180494777066447, 'depth': 12, 'l2_leaf_reg': 8.032479161459612, 'subsample': 0.7893113916385976}. Best is trial 0 with value: 1.421799025657793.
[I 2025-09-05 19:39:13,061] Trial 67 finished with value: 2.596260445919578 and parameters: {'learning_rate': 0.06590462442964572, 'depth': 11, 'l2_leaf_reg': 5.859149053566078, 'subsample': 0.9402651673833662}. Best is trial 0 with value: 1.421799025657793.
[I 2025-09-05 19:39:15,142] Trial 68 finished with value: 2.480874944509213 and parameters: {'learning_rate': 0.08634126563922877, 'depth': 10, 'l2_leaf_reg': 6.760315895056091, 'subsample': 0.873154950658777}. Best is trial 0 with value: 1.421799025657793.
[I 2025-09-05 19:39:24,881] Trial 69 finished with value: 2.55764811502721 and parameters: {'learning_rate': 0.052091604956293766, 'depth': 12, 'l2_leaf_reg': 1.6613114344262172, 'subsample': 0.8232891876117061}. Best is trial 0 with value: 1.421799025657793.
[I 2025-09-05 19:39:28,697] Trial 70 finished with value: 2.8972357695623217 and parameters: {'learning_rate': 0.015531657093815925, 'depth': 11, 'l2_leaf_reg': 2.1498990466870955, 'subsample': 0.7670018939547472}. Best is trial 0 with value: 1.421799025657793.
[I 2025-09-05 19:58:04,233] Trial 71 finished with value: 1.5115658750459144 and parameters: {'learning_rate': 0.08257535428186788, 'depth': 12, 'l2_leaf_reg': 1.7080867288081851, 'subsample': 0.6186080173672681}. Best is trial 0 with value: 1.421799025657793.
[I 2025-09-05 20:02:37,005] Trial 72 finished with value: 1.534803138263637 and parameters: {'learning_rate': 0.07916721794204733, 'depth': 12, 'l2_leaf_reg': 1.4350374605177532, 'subsample': 0.6279633440397402}. Best is trial 0 with value: 1.421799025657793.
[I 2025-09-05 20:05:46,919] Trial 73 finished with value: 1.5539615072407116 and parameters: {'learning_rate': 0.08345561473427515, 'depth': 12, 'l2_leaf_reg': 1.1230954490970482, 'subsample': 0.6185448822769363}. Best is trial 0 with value: 1.421799025657793.
[I 2025-09-05 20:05:57,537] Trial 74 finished with value: 2.3522549255211134 and parameters: {'learning_rate': 0.08924734992915302, 'depth': 12, 'l2_leaf_reg': 2.4837006931276333, 'subsample': 0.6492091800922757}. Best is trial 0 with value: 1.421799025657793.
[I 2025-09-05 20:06:01,951] Trial 75 finished with value: 2.619401239841404 and parameters: {'learning_rate': 0.09463270165052345, 'depth': 11, 'l2_leaf_reg': 8.684686905575793, 'subsample': 0.7393337655913037}. Best is trial 0 with value: 1.421799025657793.
[I 2025-09-05 20:06:13,331] Trial 76 finished with value: 2.301353848504401 and parameters: {'learning_rate': 0.06989347458213918, 'depth': 12, 'l2_leaf_reg': 1.8367144741588204, 'subsample': 0.9101578218814497}. Best is trial 0 with value: 1.421799025657793.
[I 2025-09-05 20:06:17,966] Trial 77 finished with value: 2.4606183567600977 and parameters: {'learning_rate': 0.07718136158510552, 'depth': 11, 'l2_leaf_reg': 2.834020139439206, 'subsample': 0.6691663465565177}. Best is trial 0 with value: 1.421799025657793.
[I 2025-09-05 20:23:38,589] Trial 78 finished with value: 1.5237153554500236 and parameters: {'learning_rate': 0.09129256295720754, 'depth': 12, 'l2_leaf_reg': 1.7279871417837744, 'subsample': 0.6112075669153952}. Best is trial 0 with value: 1.421799025657793.
[I 2025-09-05 20:31:32,739] Trial 79 finished with value: 1.4981562380573494 and parameters: {'learning_rate': 0.09933670326734843, 'depth': 12, 'l2_leaf_reg': 2.157023261900721, 'subsample': 0.6173327500680807}. Best is trial 0 with value: 1.421799025657793.
[I 2025-09-05 20:31:46,147] Trial 80 finished with value: 1.728076062163142 and parameters: {'learning_rate': 0.09871001355839865, 'depth': 10, 'l2_leaf_reg': 2.046627884334664, 'subsample': 0.9765602125576963}. Best is trial 0 with value: 1.421799025657793.
[I 2025-09-05 20:38:19,941] Trial 81 finished with value: 1.5257998507301955 and parameters: {'learning_rate': 0.09161641309562343, 'depth': 12, 'l2_leaf_reg': 1.6959675517094428, 'subsample': 0.6005515400635768}. Best is trial 0 with value: 1.421799025657793.
[I 2025-09-05 20:38:37,759] Trial 82 finished with value: 2.0641745651177783 and parameters: {'learning_rate': 0.09486206749560917, 'depth': 12, 'l2_leaf_reg': 2.293526429160843, 'subsample': 0.6104941119710814}. Best is trial 0 with value: 1.421799025657793.
[I 2025-09-05 20:39:16,329] Trial 83 finished with value: 1.7742028647446957 and parameters: {'learning_rate': 0.08652849712925409, 'depth': 12, 'l2_leaf_reg': 1.2653250856848364, 'subsample': 0.6333621865439376}. Best is trial 0 with value: 1.421799025657793.
[I 2025-09-05 20:39:20,393] Trial 84 finished with value: 2.364785198916417 and parameters: {'learning_rate': 0.09722498565236541, 'depth': 11, 'l2_leaf_reg': 2.6714704207066213, 'subsample': 0.6173955548851019}. Best is trial 0 with value: 1.421799025657793.
[I 2025-09-05 20:39:31,126] Trial 85 finished with value: 2.3318903675977256 and parameters: {'learning_rate': 0.08194430693361786, 'depth': 12, 'l2_leaf_reg': 2.093308832921616, 'subsample': 0.64358037858889}. Best is trial 0 with value: 1.421799025657793.
[I 2025-09-05 20:39:40,722] Trial 86 finished with value: 2.3983627139033827 and parameters: {'learning_rate': 0.09163946267900576, 'depth': 12, 'l2_leaf_reg': 3.4077689103370297, 'subsample': 0.6589603590868793}. Best is trial 0 with value: 1.421799025657793.
[I 2025-09-05 20:39:44,979] Trial 87 finished with value: 2.3965955421545435 and parameters: {'learning_rate': 0.0845272616367495, 'depth': 11, 'l2_leaf_reg': 2.994199240153104, 'subsample': 0.6151101519461307}. Best is trial 0 with value: 1.421799025657793.
[I 2025-09-05 20:41:14,618] Trial 88 finished with value: 1.588968716709379 and parameters: {'learning_rate': 0.08846738909206188, 'depth': 12, 'l2_leaf_reg': 1.433490536643447, 'subsample': 0.6274827305162289}. Best is trial 0 with value: 1.421799025657793.
[I 2025-09-05 20:41:18,981] Trial 89 finished with value: 2.731997869610541 and parameters: {'learning_rate': 0.033008950230685806, 'depth': 11, 'l2_leaf_reg': 1.7087595491601781, 'subsample': 0.6063534912585407}. Best is trial 0 with value: 1.421799025657793.
[I 2025-09-05 20:41:19,609] Trial 90 finished with value: 2.5691305944127585 and parameters: {'learning_rate': 0.09302330567126206, 'depth': 8, 'l2_leaf_reg': 4.068646850362448, 'subsample': 0.9208451864784157}. Best is trial 0 with value: 1.421799025657793.
[I 2025-09-05 20:41:27,269] Trial 91 finished with value: 2.4247839651599223 and parameters: {'learning_rate': 0.06048203557063579, 'depth': 12, 'l2_leaf_reg': 1.175514106903581, 'subsample': 0.6774977841609133}. Best is trial 0 with value: 1.421799025657793.
[I 2025-09-05 20:41:41,248] Trial 92 finished with value: 2.161535700891054 and parameters: {'learning_rate': 0.08078327535615137, 'depth': 12, 'l2_leaf_reg': 1.5754296695045344, 'subsample': 0.6380175100579902}. Best is trial 0 with value: 1.421799025657793.
[I 2025-09-05 20:42:01,420] Trial 93 finished with value: 1.98855360473164 and parameters: {'learning_rate': 0.09721824414655217, 'depth': 12, 'l2_leaf_reg': 1.9677798241255786, 'subsample': 0.8882869873875218}. Best is trial 0 with value: 1.421799025657793.
[I 2025-09-05 20:42:07,196] Trial 94 finished with value: 2.28159266889208 and parameters: {'learning_rate': 0.0750073155952563, 'depth': 11, 'l2_leaf_reg': 1.0276126637742462, 'subsample': 0.6246675645090827}. Best is trial 0 with value: 1.421799025657793.
[I 2025-09-05 20:42:15,314] Trial 95 finished with value: 2.4278723720704845 and parameters: {'learning_rate': 0.0734436999108164, 'depth': 12, 'l2_leaf_reg': 2.346285304906339, 'subsample': 0.610483503662683}. Best is trial 0 with value: 1.421799025657793.
[I 2025-09-05 20:43:40,598] Trial 96 finished with value: 1.599483385002644 and parameters: {'learning_rate': 0.09985603437019787, 'depth': 12, 'l2_leaf_reg': 1.4841095860474736, 'subsample': 0.7013001730478621}. Best is trial 0 with value: 1.421799025657793.
[I 2025-09-05 20:43:44,042] Trial 97 finished with value: 2.5025799742466126 and parameters: {'learning_rate': 0.09028229606854694, 'depth': 11, 'l2_leaf_reg': 7.524273879504019, 'subsample': 0.6520038057052407}. Best is trial 0 with value: 1.421799025657793.
[I 2025-09-05 20:58:29,625] Trial 98 finished with value: 1.5218089949490585 and parameters: {'learning_rate': 0.08563981766283636, 'depth': 12, 'l2_leaf_reg': 1.7565278552492443, 'subsample': 0.8638182278411858}. Best is trial 0 with value: 1.421799025657793.
[I 2025-09-05 20:58:30,846] Trial 99 finished with value: 2.445930236254191 and parameters: {'learning_rate': 0.0875355010306909, 'depth': 9, 'l2_leaf_reg': 4.828507795600866, 'subsample': 0.8426806224981322}. Best is trial 0 with value: 1.421799025657793.
[I 2025-09-05 20:58:39,184] Trial 100 finished with value: 2.5238421686635513 and parameters: {'learning_rate': 0.0779148618890939, 'depth': 12, 'l2_leaf_reg': 5.424606209105806, 'subsample': 0.8596061897351998}. Best is trial 0 with value: 1.421799025657793.
[I 2025-09-05 21:00:12,060] Trial 101 finished with value: 1.5816958890442367 and parameters: {'learning_rate': 0.08547533164369785, 'depth': 12, 'l2_leaf_reg': 1.7493844079313825, 'subsample': 0.8301785106297739}. Best is trial 0 with value: 1.421799025657793.
[I 2025-09-05 21:00:23,422] Trial 102 finished with value: 2.2751090708170456 and parameters: {'learning_rate': 0.08262274474908608, 'depth': 12, 'l2_leaf_reg': 2.1637697046017497, 'subsample': 0.8831154942323717}. Best is trial 0 with value: 1.421799025657793.
[I 2025-09-05 21:02:16,170] Trial 103 finished with value: 1.5631596030178216 and parameters: {'learning_rate': 0.0941270727016194, 'depth': 12, 'l2_leaf_reg': 1.207404434073979, 'subsample': 0.8136112241815845}. Best is trial 0 with value: 1.421799025657793.
[I 2025-09-05 21:02:20,116] Trial 104 finished with value: 2.5674011717394536 and parameters: {'learning_rate': 0.056640594395520126, 'depth': 11, 'l2_leaf_reg': 2.58842991514447, 'subsample': 0.8662153080160232}. Best is trial 0 with value: 1.421799025657793.
[I 2025-09-05 21:02:29,909] Trial 105 finished with value: 2.6044233507184873 and parameters: {'learning_rate': 0.04452086403503206, 'depth': 12, 'l2_leaf_reg': 1.5429344533857647, 'subsample': 0.9090934143315591}. Best is trial 0 with value: 1.421799025657793.
[I 2025-09-05 21:02:49,983] Trial 106 finished with value: 1.9730742044936302 and parameters: {'learning_rate': 0.0899633078589846, 'depth': 12, 'l2_leaf_reg': 1.8748777558307186, 'subsample': 0.8964782414342559}. Best is trial 0 with value: 1.421799025657793.
[I 2025-09-05 21:02:55,090] Trial 107 finished with value: 2.47391038574081 and parameters: {'learning_rate': 0.06492054268729205, 'depth': 11, 'l2_leaf_reg': 1.2997684794675628, 'subsample': 0.6332149479376773}. Best is trial 0 with value: 1.421799025657793.
[I 2025-09-05 21:03:04,411] Trial 108 finished with value: 2.3298347902896825 and parameters: {'learning_rate': 0.08016753035208798, 'depth': 12, 'l2_leaf_reg': 1.716464769248572, 'subsample': 0.7864677128311629}. Best is trial 0 with value: 1.421799025657793.
[I 2025-09-05 21:03:13,935] Trial 109 finished with value: 2.606099538738572 and parameters: {'learning_rate': 0.08528389459864823, 'depth': 12, 'l2_leaf_reg': 9.511507837795346, 'subsample': 0.751685274145139}. Best is trial 0 with value: 1.421799025657793.
[I 2025-09-05 21:03:15,921] Trial 110 finished with value: 2.469149790095892 and parameters: {'learning_rate': 0.06795486073178773, 'depth': 10, 'l2_leaf_reg': 2.436370595775434, 'subsample': 0.849902677654004}. Best is trial 0 with value: 1.421799025657793.
[I 2025-09-05 21:03:30,677] Trial 111 finished with value: 2.120921170254172 and parameters: {'learning_rate': 0.09211292433437453, 'depth': 12, 'l2_leaf_reg': 1.9898814779933114, 'subsample': 0.6041768404904136}. Best is trial 0 with value: 1.421799025657793.
[I 2025-09-05 21:04:25,063] Trial 112 finished with value: 1.6694893306584406 and parameters: {'learning_rate': 0.08802377013115227, 'depth': 12, 'l2_leaf_reg': 1.6627621193097997, 'subsample': 0.6031694727670839}. Best is trial 0 with value: 1.421799025657793.
[I 2025-09-05 21:18:55,131] Trial 113 finished with value: 1.5146849247817864 and parameters: {'learning_rate': 0.09298521460319457, 'depth': 12, 'l2_leaf_reg': 1.4835849506112322, 'subsample': 0.6194606199412627}. Best is trial 0 with value: 1.421799025657793.
[I 2025-09-05 21:20:09,560] Trial 114 finished with value: 1.617248259937649 and parameters: {'learning_rate': 0.09583703918251014, 'depth': 12, 'l2_leaf_reg': 1.4147799810227446, 'subsample': 0.6162990636497746}. Best is trial 0 with value: 1.421799025657793.
[I 2025-09-05 21:20:14,990] Trial 115 finished with value: 2.381199534942348 and parameters: {'learning_rate': 0.09358500923199248, 'depth': 11, 'l2_leaf_reg': 2.1540060877413127, 'subsample': 0.6238876900404637}. Best is trial 0 with value: 1.421799025657793.
[I 2025-09-05 21:21:32,287] Trial 116 finished with value: 1.6137439011850068 and parameters: {'learning_rate': 0.09772001297281924, 'depth': 12, 'l2_leaf_reg': 1.009271012560518, 'subsample': 0.6489705797300716}. Best is trial 0 with value: 1.421799025657793.
[I 2025-09-05 21:22:35,608] Trial 117 finished with value: 1.6488890523700677 and parameters: {'learning_rate': 0.09029989728350181, 'depth': 12, 'l2_leaf_reg': 1.1929270609780067, 'subsample': 0.9410654183086338}. Best is trial 0 with value: 1.421799025657793.
[I 2025-09-05 21:22:39,637] Trial 118 finished with value: 2.3965692523691846 and parameters: {'learning_rate': 0.08382784268061619, 'depth': 11, 'l2_leaf_reg': 1.9519715064466525, 'subsample': 0.8000474223038799}. Best is trial 0 with value: 1.421799025657793.
[I 2025-09-05 21:22:43,646] Trial 119 finished with value: 2.3820286608136985 and parameters: {'learning_rate': 0.07149420958695882, 'depth': 11, 'l2_leaf_reg': 1.4316573295458348, 'subsample': 0.6621789107230501}. Best is trial 0 with value: 1.421799025657793.
[I 2025-09-05 21:22:59,419] Trial 120 finished with value: 2.0916740528949624 and parameters: {'learning_rate': 0.0867331459491977, 'depth': 12, 'l2_leaf_reg': 1.7909955463021534, 'subsample': 0.6293629322998218}. Best is trial 0 with value: 1.421799025657793.
[I 2025-09-05 21:23:25,421] Trial 121 finished with value: 1.8965426294237235 and parameters: {'learning_rate': 0.09160381308874499, 'depth': 12, 'l2_leaf_reg': 1.6382729921287011, 'subsample': 0.6085086293955654}. Best is trial 0 with value: 1.421799025657793.
[I 2025-09-05 21:24:15,500] Trial 122 finished with value: 1.6922916554800909 and parameters: {'learning_rate': 0.09554544972568571, 'depth': 12, 'l2_leaf_reg': 1.5712331299705216, 'subsample': 0.6196819109812566}. Best is trial 0 with value: 1.421799025657793.
[I 2025-09-05 21:24:26,105] Trial 123 finished with value: 2.3071008829291357 and parameters: {'learning_rate': 0.08869694249217783, 'depth': 12, 'l2_leaf_reg': 2.288878593502212, 'subsample': 0.6004622908079821}. Best is trial 0 with value: 1.421799025657793.
[I 2025-09-05 21:25:05,306] Trial 124 finished with value: 1.7451594002631163 and parameters: {'learning_rate': 0.0921730494389747, 'depth': 12, 'l2_leaf_reg': 1.3265419600414934, 'subsample': 0.600173092645499}. Best is trial 0 with value: 1.421799025657793.
[I 2025-09-05 21:25:15,037] Trial 125 finished with value: 2.6653200509217223 and parameters: {'learning_rate': 0.03790344533666463, 'depth': 12, 'l2_leaf_reg': 1.8682372857111438, 'subsample': 0.6111053029911536}. Best is trial 0 with value: 1.421799025657793.
[I 2025-09-05 21:25:23,127] Trial 126 finished with value: 2.38362373681804 and parameters: {'learning_rate': 0.07424626866358901, 'depth': 12, 'l2_leaf_reg': 1.7308588095441682, 'subsample': 0.6151451586788765}. Best is trial 0 with value: 1.421799025657793.
[I 2025-09-05 21:25:23,559] Trial 127 finished with value: 2.536841369959401 and parameters: {'learning_rate': 0.08210197339513485, 'depth': 7, 'l2_leaf_reg': 2.035715171708156, 'subsample': 0.725754188034645}. Best is trial 0 with value: 1.421799025657793.
[I 2025-09-05 21:25:57,369] Trial 128 finished with value: 1.7964128361774778 and parameters: {'learning_rate': 0.0783495068988559, 'depth': 12, 'l2_leaf_reg': 1.164766353508572, 'subsample': 0.6441814230038015}. Best is trial 0 with value: 1.421799025657793.
[I 2025-09-05 21:26:04,982] Trial 129 finished with value: 2.171593768401735 and parameters: {'learning_rate': 0.08624909176247132, 'depth': 11, 'l2_leaf_reg': 1.5064631159004096, 'subsample': 0.6366405156879907}. Best is trial 0 with value: 1.421799025657793.
[I 2025-09-05 21:29:57,439] Trial 130 finished with value: 1.5193711712003795 and parameters: {'learning_rate': 0.09783935888230233, 'depth': 10, 'l2_leaf_reg': 1.343879690667103, 'subsample': 0.7710240100669165}. Best is trial 0 with value: 1.421799025657793.
[I 2025-09-05 21:33:16,759] Trial 131 finished with value: 1.5133817651514265 and parameters: {'learning_rate': 0.09839245970539952, 'depth': 10, 'l2_leaf_reg': 1.230932850373065, 'subsample': 0.7782768819801864}. Best is trial 0 with value: 1.421799025657793.
[I 2025-09-05 21:33:42,100] Trial 132 finished with value: 1.5627664485978427 and parameters: {'learning_rate': 0.09730751268492609, 'depth': 10, 'l2_leaf_reg': 1.3781117419796318, 'subsample': 0.7638130157144861}. Best is trial 0 with value: 1.421799025657793.
[I 2025-09-05 21:33:47,814] Trial 133 finished with value: 1.835075322002216 and parameters: {'learning_rate': 0.09521930818486245, 'depth': 9, 'l2_leaf_reg': 1.0433514768871184, 'subsample': 0.7702636116903798}. Best is trial 0 with value: 1.421799025657793.
[I 2025-09-05 21:34:06,656] Trial 134 finished with value: 1.6132525618331384 and parameters: {'learning_rate': 0.09931612906748569, 'depth': 10, 'l2_leaf_reg': 1.2196300190951745, 'subsample': 0.8009874447018784}. Best is trial 0 with value: 1.421799025657793.
[I 2025-09-05 21:34:08,466] Trial 135 finished with value: 2.13453307443253 and parameters: {'learning_rate': 0.09430352667099434, 'depth': 9, 'l2_leaf_reg': 1.4420371089750454, 'subsample': 0.7797981745517367}. Best is trial 0 with value: 1.421799025657793.
[I 2025-09-05 21:34:10,310] Trial 136 finished with value: 2.5324014990519608 and parameters: {'learning_rate': 0.05012227587170458, 'depth': 10, 'l2_leaf_reg': 1.874657328111297, 'subsample': 0.8150982302102248}. Best is trial 0 with value: 1.421799025657793.
[I 2025-09-05 21:34:13,848] Trial 137 finished with value: 2.5611736993435326 and parameters: {'learning_rate': 0.09877392675577189, 'depth': 11, 'l2_leaf_reg': 8.405294097994913, 'subsample': 0.7525648328982191}. Best is trial 0 with value: 1.421799025657793.
[I 2025-09-05 21:34:19,852] Trial 138 finished with value: 2.559153438745867 and parameters: {'learning_rate': 0.054166537388657676, 'depth': 11, 'l2_leaf_reg': 1.5743992235977178, 'subsample': 0.7730706608386545}. Best is trial 0 with value: 1.421799025657793.
[I 2025-09-05 21:34:21,748] Trial 139 finished with value: 2.4648638160766594 and parameters: {'learning_rate': 0.09666602715803746, 'depth': 10, 'l2_leaf_reg': 6.011576192587311, 'subsample': 0.7566331689211823}. Best is trial 0 with value: 1.421799025657793.
[I 2025-09-05 21:34:25,619] Trial 140 finished with value: 2.371526350245717 and parameters: {'learning_rate': 0.0935682255708588, 'depth': 11, 'l2_leaf_reg': 2.251228657748946, 'subsample': 0.7435239422158866}. Best is trial 0 with value: 1.421799025657793.
[I 2025-09-05 21:34:46,095] Trial 141 finished with value: 1.9454754343304228 and parameters: {'learning_rate': 0.08958765482065895, 'depth': 12, 'l2_leaf_reg': 1.7045102860017467, 'subsample': 0.786031439301334}. Best is trial 0 with value: 1.421799025657793.
[I 2025-09-05 21:35:37,959] Trial 142 finished with value: 1.6883881148926299 and parameters: {'learning_rate': 0.09149219793722801, 'depth': 12, 'l2_leaf_reg': 1.3062103345756895, 'subsample': 0.6242520678027109}. Best is trial 0 with value: 1.421799025657793.
