[I 2025-09-05 21:35:46,345] Trial 143 finished with value: 2.380101964005598 and parameters: {'learning_rate': 0.08428933945169963, 'depth': 12, 'l2_leaf_reg': 2.046270300310874, 'subsample': 0.8739577734039278}. Best is trial 0 with value: 1.421799025657793.
[I 2025-09-05 21:37:10,693] Trial 144 finished with value: 1.5819155122500406 and parameters: {'learning_rate': 0.09808678115572407, 'depth': 12, 'l2_leaf_reg': 1.7444757235164978, 'subsample': 0.6189884105365127}. Best is trial 0 with value: 1.421799025657793.
[I 2025-09-05 21:37:22,324] Trial 145 finished with value: 2.1590623822651245 and parameters: {'learning_rate': 0.08754407377094378, 'depth': 12, 'l2_leaf_reg': 1.5505905093318229, 'subsample': 0.707496297872066}. Best is trial 0 with value: 1.421799025657793.
[I 2025-09-05 21:37:27,026] Trial 146 finished with value: 2.7658317372870624 and parameters: {'learning_rate': 0.02720655598144488, 'depth': 11, 'l2_leaf_reg': 1.1532038652787029, 'subsample': 0.609922728064941}. Best is trial 0 with value: 1.421799025657793.
[I 2025-09-05 21:37:35,087] Trial 147 finished with value: 2.4928928461891275 and parameters: {'learning_rate': 0.06019374567813825, 'depth': 12, 'l2_leaf_reg': 1.8852852196548555, 'subsample': 0.9192282416237383}. Best is trial 0 with value: 1.421799025657793.
[I 2025-09-05 21:37:36,111] Trial 148 finished with value: 2.1604008896943423 and parameters: {'learning_rate': 0.0929834174739513, 'depth': 8, 'l2_leaf_reg': 1.3312772754429028, 'subsample': 0.6901792782871582}. Best is trial 0 with value: 1.421799025657793.
[I 2025-09-05 21:37:46,724] Trial 149 finished with value: 2.303016370320492 and parameters: {'learning_rate': 0.09101754022661353, 'depth': 12, 'l2_leaf_reg': 2.1736033604259375, 'subsample': 0.9029856751352675}. Best is trial 0 with value: 1.421799025657793.
[I 2025-09-05 21:38:47,882] Trial 150 finished with value: 1.5477342679948143 and parameters: {'learning_rate': 0.09550496006265279, 'depth': 11, 'l2_leaf_reg': 1.010364959787152, 'subsample': 0.8890508201277858}. Best is trial 0 with value: 1.421799025657793.
[I 2025-09-05 21:38:57,513] Trial 151 finished with value: 2.1959111636758943 and parameters: {'learning_rate': 0.08059520715223811, 'depth': 12, 'l2_leaf_reg': 1.6767013354295173, 'subsample': 0.6256463967040022}. Best is trial 0 with value: 1.421799025657793.
[I 2025-09-05 21:39:07,547] Trial 152 finished with value: 2.362071617823734 and parameters: {'learning_rate': 0.08421792978654377, 'depth': 12, 'l2_leaf_reg': 1.9588430294195533, 'subsample': 0.6361763776008695}. Best is trial 0 with value: 1.421799025657793.
[I 2025-09-05 21:39:23,464] Trial 153 finished with value: 2.0322410733566496 and parameters: {'learning_rate': 0.08867973992325312, 'depth': 12, 'l2_leaf_reg': 1.5164434905878275, 'subsample': 0.6185609015956398}. Best is trial 0 with value: 1.421799025657793.
[I 2025-09-05 21:39:32,721] Trial 154 finished with value: 2.3638920610203735 and parameters: {'learning_rate': 0.08252732891955368, 'depth': 12, 'l2_leaf_reg': 2.4701792586173084, 'subsample': 0.7925473353537172}. Best is trial 0 with value: 1.421799025657793.
[I 2025-09-05 21:39:40,630] Trial 155 finished with value: 2.4831829658420066 and parameters: {'learning_rate': 0.09977805430030269, 'depth': 12, 'l2_leaf_reg': 6.52364323851988, 'subsample': 0.6003924274568007}. Best is trial 0 with value: 1.421799025657793.
[I 2025-09-05 21:39:56,279] Trial 156 finished with value: 2.039246502843535 and parameters: {'learning_rate': 0.08652876993933024, 'depth': 12, 'l2_leaf_reg': 1.8259820370664077, 'subsample': 0.6120613811580362}. Best is trial 0 with value: 1.421799025657793.
[I 2025-09-05 21:40:05,421] Trial 157 finished with value: 2.616861451207134 and parameters: {'learning_rate': 0.07647885046533007, 'depth': 12, 'l2_leaf_reg': 9.135936265794985, 'subsample': 0.6323929565338581}. Best is trial 0 with value: 1.421799025657793.
[I 2025-09-05 21:40:09,591] Trial 158 finished with value: 2.378362726946372 and parameters: {'learning_rate': 0.08993584440261926, 'depth': 11, 'l2_leaf_reg': 1.412600902201053, 'subsample': 0.8678521525152441}. Best is trial 0 with value: 1.421799025657793.
[I 2025-09-05 21:40:16,991] Trial 159 finished with value: 2.5925780073239584 and parameters: {'learning_rate': 0.0621484374139639, 'depth': 12, 'l2_leaf_reg': 7.196640321517755, 'subsample': 0.8206357350354443}. Best is trial 0 with value: 1.421799025657793.
[I 2025-09-05 21:40:21,749] Trial 160 finished with value: 2.152291582337927 and parameters: {'learning_rate': 0.09614423043019107, 'depth': 10, 'l2_leaf_reg': 2.115656219878302, 'subsample': 0.8299685388855107}. Best is trial 0 with value: 1.421799025657793.
[I 2025-09-05 21:41:16,483] Trial 161 finished with value: 1.5540892931318895 and parameters: {'learning_rate': 0.0940165564322798, 'depth': 11, 'l2_leaf_reg': 1.2715104409808764, 'subsample': 0.8518724919429117}. Best is trial 0 with value: 1.421799025657793.
[I 2025-09-05 21:41:21,885] Trial 162 finished with value: 2.3658837654424834 and parameters: {'learning_rate': 0.09274744652842554, 'depth': 11, 'l2_leaf_reg': 1.6483436559054683, 'subsample': 0.876104069049678}. Best is trial 0 with value: 1.421799025657793.
[I 2025-09-05 21:41:40,674] Trial 163 finished with value: 1.753414630487716 and parameters: {'learning_rate': 0.09703455166821542, 'depth': 11, 'l2_leaf_reg': 1.4166080197277535, 'subsample': 0.6073082580252624}. Best is trial 0 with value: 1.421799025657793.
[I 2025-09-05 21:41:44,534] Trial 164 finished with value: 2.3875648817482396 and parameters: {'learning_rate': 0.08812120173619517, 'depth': 11, 'l2_leaf_reg': 1.830597926697273, 'subsample': 0.8869443480401388}. Best is trial 0 with value: 1.421799025657793.
[I 2025-09-05 21:48:37,422] Trial 165 finished with value: 1.5218191087673945 and parameters: {'learning_rate': 0.0910718266190892, 'depth': 12, 'l2_leaf_reg': 1.1482916498000157, 'subsample': 0.8813765244172441}. Best is trial 0 with value: 1.421799025657793.
[I 2025-09-05 21:55:19,068] Trial 166 finished with value: 1.5228447560923437 and parameters: {'learning_rate': 0.08533691879481865, 'depth': 12, 'l2_leaf_reg': 1.203910856489666, 'subsample': 0.7794026888404539}. Best is trial 0 with value: 1.421799025657793.
[I 2025-09-05 21:56:30,423] Trial 167 finished with value: 1.621455067865356 and parameters: {'learning_rate': 0.08531843963382396, 'depth': 12, 'l2_leaf_reg': 1.1663444294718701, 'subsample': 0.7629312766472647}. Best is trial 0 with value: 1.421799025657793.
[I 2025-09-05 21:56:34,297] Trial 168 finished with value: 1.8478223054416345 and parameters: {'learning_rate': 0.0893980470232798, 'depth': 9, 'l2_leaf_reg': 1.0225740175852547, 'subsample': 0.8053279800124113}. Best is trial 0 with value: 1.421799025657793.
[I 2025-09-05 22:14:54,625] Trial 169 finished with value: 1.4886668896254465 and parameters: {'learning_rate': 0.09165639779059068, 'depth': 12, 'l2_leaf_reg': 1.2424654442739929, 'subsample': 0.775380904239178}. Best is trial 0 with value: 1.421799025657793.
[I 2025-09-05 22:31:51,086] Trial 170 finished with value: 1.476739568888084 and parameters: {'learning_rate': 0.09134460646033248, 'depth': 12, 'l2_leaf_reg': 1.208937884790991, 'subsample': 0.7789802173517859}. Best is trial 0 with value: 1.421799025657793.
[I 2025-09-05 22:47:32,489] Trial 171 finished with value: 1.497824797969956 and parameters: {'learning_rate': 0.09171915586896683, 'depth': 12, 'l2_leaf_reg': 1.2147542028463691, 'subsample': 0.7765531838598011}. Best is trial 0 with value: 1.421799025657793.
[I 2025-09-05 23:02:51,974] Trial 172 finished with value: 1.5008945575729349 and parameters: {'learning_rate': 0.09148533285412538, 'depth': 12, 'l2_leaf_reg': 1.1981831419679787, 'subsample': 0.783397397954579}. Best is trial 0 with value: 1.421799025657793.
[I 2025-09-05 23:07:45,228] Trial 173 finished with value: 1.5238297921648083 and parameters: {'learning_rate': 0.09157053314424193, 'depth': 12, 'l2_leaf_reg': 1.1716884914647538, 'subsample': 0.7815155800382727}. Best is trial 0 with value: 1.421799025657793.
[I 2025-09-05 23:20:16,398] Trial 174 finished with value: 1.5077674683586784 and parameters: {'learning_rate': 0.09459448751079297, 'depth': 12, 'l2_leaf_reg': 1.2687391168755924, 'subsample': 0.7775030880783538}. Best is trial 0 with value: 1.421799025657793.
[I 2025-09-05 23:20:42,030] Trial 175 finished with value: 1.8686505345599222 and parameters: {'learning_rate': 0.09478711588924373, 'depth': 12, 'l2_leaf_reg': 1.3865810576367974, 'subsample': 0.7690585676479678}. Best is trial 0 with value: 1.421799025657793.
[I 2025-09-05 23:22:42,090] Trial 176 finished with value: 1.5451811312051964 and parameters: {'learning_rate': 0.09256371464896217, 'depth': 12, 'l2_leaf_reg': 1.034808927804375, 'subsample': 0.7929464250101181}. Best is trial 0 with value: 1.421799025657793.
[I 2025-09-05 23:24:40,672] Trial 177 finished with value: 1.5459849910111163 and parameters: {'learning_rate': 0.09993291846447394, 'depth': 12, 'l2_leaf_reg': 1.3107122061442835, 'subsample': 0.774215376343952}. Best is trial 0 with value: 1.421799025657793.
[I 2025-09-05 23:24:54,555] Trial 178 finished with value: 2.1186024801175916 and parameters: {'learning_rate': 0.09569407947240226, 'depth': 12, 'l2_leaf_reg': 1.495500573400325, 'subsample': 0.7845489988841648}. Best is trial 0 with value: 1.421799025657793.
[I 2025-09-05 23:26:35,828] Trial 179 finished with value: 1.5601203013666356 and parameters: {'learning_rate': 0.09801696396304582, 'depth': 12, 'l2_leaf_reg': 1.009320644891494, 'subsample': 0.7593412336026595}. Best is trial 0 with value: 1.421799025657793.
[I 2025-09-05 23:28:27,029] Trial 180 finished with value: 1.5509895372369014 and parameters: {'learning_rate': 0.09075081742447975, 'depth': 12, 'l2_leaf_reg': 1.241123928528592, 'subsample': 0.7759463722319401}. Best is trial 0 with value: 1.421799025657793.
[I 2025-09-05 23:40:38,205] Trial 181 finished with value: 1.512010895776076 and parameters: {'learning_rate': 0.08760141293842023, 'depth': 12, 'l2_leaf_reg': 1.2034157430099182, 'subsample': 0.7980473416027809}. Best is trial 0 with value: 1.421799025657793.
[I 2025-09-05 23:40:55,374] Trial 182 finished with value: 2.0028413189604146 and parameters: {'learning_rate': 0.08798765864567637, 'depth': 12, 'l2_leaf_reg': 1.497140202977333, 'subsample': 0.7926444266302924}. Best is trial 0 with value: 1.421799025657793.
[I 2025-09-06 00:01:47,837] Trial 183 finished with value: 1.4824113808013908 and parameters: {'learning_rate': 0.09381802827503685, 'depth': 12, 'l2_leaf_reg': 1.2778404371497019, 'subsample': 0.8089096915349772}. Best is trial 0 with value: 1.421799025657793.
[I 2025-09-06 00:03:55,277] Trial 184 finished with value: 1.5410479953226872 and parameters: {'learning_rate': 0.09388239711304461, 'depth': 12, 'l2_leaf_reg': 1.3468160073650335, 'subsample': 0.8092263887358222}. Best is trial 0 with value: 1.421799025657793.
[I 2025-09-06 00:04:09,175] Trial 185 finished with value: 2.112998275071674 and parameters: {'learning_rate': 0.09662335235981381, 'depth': 12, 'l2_leaf_reg': 1.6013818625147838, 'subsample': 0.7949489878290722}. Best is trial 0 with value: 1.421799025657793.
[I 2025-09-06 00:04:43,679] Trial 186 finished with value: 1.7502774326435568 and parameters: {'learning_rate': 0.09355794557945786, 'depth': 12, 'l2_leaf_reg': 1.289467644184294, 'subsample': 0.8024931237997992}. Best is trial 0 with value: 1.421799025657793.
[I 2025-09-06 00:05:03,626] Trial 187 finished with value: 1.920737588360584 and parameters: {'learning_rate': 0.08956499407815681, 'depth': 12, 'l2_leaf_reg': 1.4571628874874998, 'subsample': 0.7448156126727228}. Best is trial 0 with value: 1.421799025657793.
[I 2025-09-06 00:05:13,283] Trial 188 finished with value: 2.6195344214874186 and parameters: {'learning_rate': 0.041709677330532366, 'depth': 12, 'l2_leaf_reg': 1.6228422027786342, 'subsample': 0.767168874148398}. Best is trial 0 with value: 1.421799025657793.
[I 2025-09-06 00:07:22,010] Trial 189 finished with value: 1.539506265639453 and parameters: {'learning_rate': 0.08763072515700757, 'depth': 12, 'l2_leaf_reg': 1.00258054630232, 'subsample': 0.7848211993107166}. Best is trial 0 with value: 1.421799025657793.
[I 2025-09-06 00:08:26,558] Trial 190 finished with value: 1.6235577229445555 and parameters: {'learning_rate': 0.09276031857736887, 'depth': 12, 'l2_leaf_reg': 1.2905659933090934, 'subsample': 0.7737332173425391}. Best is trial 0 with value: 1.421799025657793.
[I 2025-09-06 00:08:51,326] Trial 191 finished with value: 1.8620677603124138 and parameters: {'learning_rate': 0.09114782540464575, 'depth': 12, 'l2_leaf_reg': 1.204833195171884, 'subsample': 0.8199964633699359}. Best is trial 0 with value: 1.421799025657793.
[I 2025-09-06 00:10:26,285] Trial 192 finished with value: 1.56459444500493 and parameters: {'learning_rate': 0.09498726722065681, 'depth': 12, 'l2_leaf_reg': 1.1958968901514686, 'subsample': 0.787421662885158}. Best is trial 0 with value: 1.421799025657793.
[I 2025-09-06 00:10:34,612] Trial 193 finished with value: 2.5850556577068895 and parameters: {'learning_rate': 0.04650743777548787, 'depth': 12, 'l2_leaf_reg': 1.5296710747643232, 'subsample': 0.797315405724978}. Best is trial 0 with value: 1.421799025657793.
[I 2025-09-06 00:10:43,998] Trial 194 finished with value: 2.4268885807713096 and parameters: {'learning_rate': 0.09048904194693982, 'depth': 12, 'l2_leaf_reg': 4.2117913605023185, 'subsample': 0.8099720123518712}. Best is trial 0 with value: 1.421799025657793.
[I 2025-09-06 00:12:26,596] Trial 195 finished with value: 1.5539515834345274 and parameters: {'learning_rate': 0.09771868497286425, 'depth': 12, 'l2_leaf_reg': 1.1274403525007124, 'subsample': 0.8358444994500005}. Best is trial 0 with value: 1.421799025657793.
[I 2025-09-06 00:12:37,638] Trial 196 finished with value: 2.259239577306091 and parameters: {'learning_rate': 0.08618855346682887, 'depth': 12, 'l2_leaf_reg': 1.3917180619435894, 'subsample': 0.7748683196834827}. Best is trial 0 with value: 1.421799025657793.
[I 2025-09-06 00:12:48,258] Trial 197 finished with value: 2.1607279459846747 and parameters: {'learning_rate': 0.09259803134813607, 'depth': 12, 'l2_leaf_reg': 1.6283981127826102, 'subsample': 0.7599735753353}. Best is trial 0 with value: 1.421799025657793.
[I 2025-09-06 00:12:53,103] Trial 198 finished with value: 2.059384376464229 and parameters: {'learning_rate': 0.08914566973151365, 'depth': 10, 'l2_leaf_reg': 1.0012976008780212, 'subsample': 0.895714096051628}. Best is trial 0 with value: 1.421799025657793.
[I 2025-09-06 00:13:01,178] Trial 199 finished with value: 2.3204707853956728 and parameters: {'learning_rate': 0.08284381109503682, 'depth': 12, 'l2_leaf_reg': 1.413571484007758, 'subsample': 0.7814690203876918}. Best is trial 0 with value: 1.421799025657793.


Saving Optuna study log to /content/drive/MyDrive/Colab_Research_Results/hyp_cat3.1.pkl...

--- Optuna Search Complete ---
  Value (Validation RMSE): 1.4218
  Params: 
    learning_rate: 0.04417525450402887
    depth: 12
    l2_leaf_reg: 9.892421317596718
    subsample: 0.8190700311190122


