[I 2025-09-04 21:18:56,125] Trial 52 finished with value: 1.513316906831411 and parameters: {'learning_rate': 0.08514070851124711, 'depth': 12, 'l2_leaf_reg': 1.707983310781494, 'subsample': 0.9085393454639151}. Best is trial 0 with value: 1.421799025657793.
[I 2025-09-04 21:20:18,935] Trial 53 finished with value: 1.6733241728505988 and parameters: {'learning_rate': 0.09348348301696706, 'depth': 12, 'l2_leaf_reg': 2.24504935982329, 'subsample': 0.9463006369885357}. Best is trial 0 with value: 1.421799025657793.
[I 2025-09-04 21:22:02,438] Trial 54 finished with value: 1.6160895416523342 and parameters: {'learning_rate': 0.08406459564445994, 'depth': 12, 'l2_leaf_reg': 1.803639220774726, 'subsample': 0.9133390440244853}. Best is trial 0 with value: 1.421799025657793.
[I 2025-09-04 21:29:14,434] Trial 55 finished with value: 1.4896695694759712 and parameters: {'learning_rate': 0.09675475132211996, 'depth': 11, 'l2_leaf_reg': 1.2133990219759132, 'subsample': 0.8179171531443592}. Best is trial 0 with value: 1.421799025657793.
[I 2025-09-04 21:36:09,496] Trial 56 finished with value: 1.5033085339758907 and parameters: {'learning_rate': 0.0903069648795716, 'depth': 11, 'l2_leaf_reg': 1.234838656300353, 'subsample': 0.8749473532349091}. Best is trial 0 with value: 1.421799025657793.
[I 2025-09-04 21:36:14,629] Trial 57 finished with value: 2.6121662669543193 and parameters: {'learning_rate': 0.09595171704241998, 'depth': 11, 'l2_leaf_reg': 9.661974785951465, 'subsample': 0.8747734645035578}. Best is trial 0 with value: 1.421799025657793.
[I 2025-09-04 21:43:17,960] Trial 58 finished with value: 1.4997930065127787 and parameters: {'learning_rate': 0.0907014424937674, 'depth': 11, 'l2_leaf_reg': 1.197403035026335, 'subsample': 0.8129731794711889}. Best is trial 0 with value: 1.421799025657793.
[I 2025-09-04 21:43:21,592] Trial 59 finished with value: 2.636505722632957 and parameters: {'learning_rate': 0.0424374318394709, 'depth': 11, 'l2_leaf_reg': 1.0103342426057627, 'subsample': 0.8182175213314481}. Best is trial 0 with value: 1.421799025657793.
[I 2025-09-04 21:43:29,612] Trial 60 finished with value: 2.770045357691424 and parameters: {'learning_rate': 0.03240458621896908, 'depth': 12, 'l2_leaf_reg': 5.919927293977102, 'subsample': 0.8005580807080387}. Best is trial 0 with value: 1.421799025657793.
[I 2025-09-04 21:49:56,849] Trial 61 finished with value: 1.4855568805426693 and parameters: {'learning_rate': 0.09118315504701352, 'depth': 11, 'l2_leaf_reg': 1.2231727740471734, 'subsample': 0.8393766887675687}. Best is trial 0 with value: 1.421799025657793.
[I 2025-09-04 21:50:54,154] Trial 62 finished with value: 1.581396476589082 and parameters: {'learning_rate': 0.09018828364503323, 'depth': 11, 'l2_leaf_reg': 1.7124379161092056, 'subsample': 0.8462693874974512}. Best is trial 0 with value: 1.421799025657793.
[I 2025-09-04 21:51:29,109] Trial 63 finished with value: 1.5623995618230642 and parameters: {'learning_rate': 0.09227576227581318, 'depth': 10, 'l2_leaf_reg': 1.323993070225956, 'subsample': 0.8252121009386066}. Best is trial 0 with value: 1.421799025657793.
[I 2025-09-04 21:55:53,080] Trial 64 finished with value: 1.53716588217046 and parameters: {'learning_rate': 0.09743945384289505, 'depth': 12, 'l2_leaf_reg': 2.242798186873638, 'subsample': 0.8102416740678346}. Best is trial 0 with value: 1.421799025657793.
[I 2025-09-04 21:55:58,694] Trial 65 finished with value: 2.4838792358564534 and parameters: {'learning_rate': 0.08067594035231905, 'depth': 11, 'l2_leaf_reg': 2.6525043375035615, 'subsample': 0.7788246079773583}. Best is trial 0 with value: 1.421799025657793.
[I 2025-09-04 21:56:07,383] Trial 66 finished with value: 2.4337086771698893 and parameters: {'learning_rate': 0.07561634085447935, 'depth': 12, 'l2_leaf_reg': 3.908367169935458, 'subsample': 0.7672440596464961}. Best is trial 0 with value: 1.421799025657793.
[I 2025-09-04 21:56:10,959] Trial 67 finished with value: 2.5693237990496187 and parameters: {'learning_rate': 0.08737112930968803, 'depth': 10, 'l2_leaf_reg': 9.133289057104108, 'subsample': 0.7928568449241478}. Best is trial 0 with value: 1.421799025657793.
[I 2025-09-04 21:56:19,202] Trial 68 finished with value: 2.5488647164693172 and parameters: {'learning_rate': 0.0820562533645693, 'depth': 12, 'l2_leaf_reg': 8.068049709675865, 'subsample': 0.8455375258006226}. Best is trial 0 with value: 1.421799025657793.
[I 2025-09-04 21:56:23,444] Trial 69 finished with value: 2.6833552171697175 and parameters: {'learning_rate': 0.03714145368507314, 'depth': 11, 'l2_leaf_reg': 1.2326177842811, 'subsample': 0.8314726512409}. Best is trial 0 with value: 1.421799025657793.
[I 2025-09-04 21:56:32,985] Trial 70 finished with value: 2.515282133395076 and parameters: {'learning_rate': 0.057275324669958064, 'depth': 12, 'l2_leaf_reg': 1.57634624319147, 'subsample': 0.7578250280606261}. Best is trial 0 with value: 1.421799025657793.
[I 2025-09-04 21:58:43,866] Trial 71 finished with value: 1.5340714179493713 and parameters: {'learning_rate': 0.08985650863379326, 'depth': 11, 'l2_leaf_reg': 1.2117917110730572, 'subsample': 0.8638187439429366}. Best is trial 0 with value: 1.421799025657793.
[I 2025-09-04 21:58:50,363] Trial 72 finished with value: 2.4022288838097303 and parameters: {'learning_rate': 0.09160682635663767, 'depth': 11, 'l2_leaf_reg': 2.040198159950857, 'subsample': 0.8849010744199113}. Best is trial 0 with value: 1.421799025657793.
[I 2025-09-04 21:58:54,914] Trial 73 finished with value: 2.3458982478680106 and parameters: {'learning_rate': 0.06769675487030548, 'depth': 11, 'l2_leaf_reg': 1.0437339200934834, 'subsample': 0.817091421185403}. Best is trial 0 with value: 1.421799025657793.
[I 2025-09-04 21:59:10,072] Trial 74 finished with value: 1.6866223829338896 and parameters: {'learning_rate': 0.09718594846333693, 'depth': 10, 'l2_leaf_reg': 1.4626647889973288, 'subsample': 0.795172529918803}. Best is trial 0 with value: 1.421799025657793.
[I 2025-09-04 22:00:01,666] Trial 75 finished with value: 1.7137303110672226 and parameters: {'learning_rate': 0.08577824835022939, 'depth': 12, 'l2_leaf_reg': 1.8168183255325627, 'subsample': 0.8385640363971074}. Best is trial 0 with value: 1.421799025657793.

Loading and preparing data from master3.3 (1).csv...

[I 2025-09-05 15:59:48,065] A new study created in memory with name: no-name-039d0315-c3de-40d2-8662-0c0ae3c0596a

Using 5615 real measurements for training.
Data preparation complete.

Starting EFFICIENT hyperparameter search with headstart...

[I 2025-09-05 16:40:57,002] Trial 0 finished with value: 1.421799025657793 and parameters: {'learning_rate': 0.04417525450402887, 'depth': 12, 'l2_leaf_reg': 9.892421317596718, 'subsample': 0.8190700311190122}. Best is trial 0 with value: 1.421799025657793.
[I 2025-09-05 16:45:00,211] Trial 1 finished with value: 1.591598148372956 and parameters: {'learning_rate': 0.09703091818928061, 'depth': 10, 'l2_leaf_reg': 2.5054994874489793, 'subsample': 0.6840057877141325}. Best is trial 0 with value: 1.421799025657793.
[I 2025-09-05 17:34:37,876] Trial 2 finished with value: 1.5538105244171392 and parameters: {'learning_rate': 0.012070928157877928, 'depth': 12, 'l2_leaf_reg': 1.7664027720945676, 'subsample': 0.6995669331447935}. Best is trial 0 with value: 1.421799025657793.
[I 2025-09-05 17:40:12,557] Trial 3 finished with value: 1.5677105414854864 and parameters: {'learning_rate': 0.08396474889069572, 'depth': 10, 'l2_leaf_reg': 6.5112920928203835, 'subsample': 0.8780580309054138}. Best is trial 0 with value: 1.421799025657793.
[I 2025-09-05 17:41:22,002] Trial 4 finished with value: 2.0661733635092188 and parameters: {'learning_rate': 0.08847353507532268, 'depth': 6, 'l2_leaf_reg': 1.59684096921796, 'subsample': 0.9778511632035323}. Best is trial 0 with value: 1.421799025657793.
[I 2025-09-05 17:41:22,308] Trial 5 finished with value: 2.836051588084123 and parameters: {'learning_rate': 0.042496003447891735, 'depth': 6, 'l2_leaf_reg': 7.420688264346984, 'subsample': 0.9540054923356048}. Best is trial 0 with value: 1.421799025657793.
[I 2025-09-05 17:41:23,010] Trial 6 finished with value: 2.974152827661541 and parameters: {'learning_rate': 0.017190296387865414, 'depth': 8, 'l2_leaf_reg': 9.396486658635146, 'subsample': 0.9272672964771099}. Best is trial 0 with value: 1.421799025657793.
[I 2025-09-05 17:41:25,105] Trial 7 finished with value: 2.643678967442021 and parameters: {'learning_rate': 0.054259145273081795, 'depth': 10, 'l2_leaf_reg': 6.530077651891007, 'subsample': 0.824609302348212}. Best is trial 0 with value: 1.421799025657793.
[I 2025-09-05 17:43:01,039] Trial 8 finished with value: 1.7948610264093747 and parameters: {'learning_rate': 0.09987893879348173, 'depth': 11, 'l2_leaf_reg': 4.395941010655358, 'subsample': 0.992530621148329}. Best is trial 0 with value: 1.421799025657793.
[I 2025-09-05 17:43:01,785] Trial 9 finished with value: 2.603234662141582 and parameters: {'learning_rate': 0.05412158162440621, 'depth': 8, 'l2_leaf_reg': 3.2591556606447787, 'subsample': 0.7400344092224754}. Best is trial 0 with value: 1.421799025657793.
[I 2025-09-05 17:43:11,789] Trial 10 finished with value: 2.834296651193837 and parameters: {'learning_rate': 0.03326267050764102, 'depth': 12, 'l2_leaf_reg': 9.27693106509373, 'subsample': 0.6108820986819435}. Best is trial 0 with value: 1.421799025657793.
[I 2025-09-05 17:43:19,313] Trial 11 finished with value: 2.9378734814331957 and parameters: {'learning_rate': 0.010919349030841491, 'depth': 12, 'l2_leaf_reg': 4.556322710187146, 'subsample': 0.779078963224766}. Best is trial 0 with value: 1.421799025657793.
[I 2025-09-05 17:43:29,262] Trial 12 finished with value: 2.8330978823961717 and parameters: {'learning_rate': 0.03010621615830257, 'depth': 12, 'l2_leaf_reg': 7.91711636796024, 'subsample': 0.6943384735727036}. Best is trial 0 with value: 1.421799025657793.
[I 2025-09-05 17:43:33,767] Trial 13 finished with value: 2.523921084300396 and parameters: {'learning_rate': 0.06359494459643703, 'depth': 11, 'l2_leaf_reg': 5.122619760113492, 'subsample': 0.8374916014057119}. Best is trial 0 with value: 1.421799025657793.
[I 2025-09-05 17:48:54,881] Trial 14 finished with value: 1.5053819398491084 and parameters: {'learning_rate': 0.07031177903799782, 'depth': 11, 'l2_leaf_reg': 1.6270589370984627, 'subsample': 0.6032164268089957}. Best is trial 0 with value: 1.421799025657793.
[I 2025-09-05 17:49:01,469] Trial 15 finished with value: 2.536923673619852 and parameters: {'learning_rate': 0.0704916647979386, 'depth': 11, 'l2_leaf_reg': 3.190645811860432, 'subsample': 0.6239830182759127}. Best is trial 0 with value: 1.421799025657793.
[I 2025-09-05 17:49:51,499] Trial 16 finished with value: 1.6108182906068431 and parameters: {'learning_rate': 0.07300208103565571, 'depth': 9, 'l2_leaf_reg': 1.0120031359032104, 'subsample': 0.8876454185159033}. Best is trial 0 with value: 1.421799025657793.
[I 2025-09-05 17:49:55,211] Trial 17 finished with value: 2.8129039291949187 and parameters: {'learning_rate': 0.03975176437272079, 'depth': 11, 'l2_leaf_reg': 8.262940116987519, 'subsample': 0.7756345281236066}. Best is trial 0 with value: 1.421799025657793.
[I 2025-09-05 17:49:56,372] Trial 18 finished with value: 2.719908196639001 and parameters: {'learning_rate': 0.04619098684353539, 'depth': 9, 'l2_leaf_reg': 6.0916735898834045, 'subsample': 0.6564561949850658}. Best is trial 0 with value: 1.421799025657793.
[I 2025-09-05 17:49:59,738] Trial 19 finished with value: 2.475649786838409 and parameters: {'learning_rate': 0.06334197749181346, 'depth': 10, 'l2_leaf_reg': 3.6617378976220776, 'subsample': 0.7404784592487945}. Best is trial 0 with value: 1.421799025657793.
[I 2025-09-05 17:50:00,950] Trial 20 finished with value: 2.7385344858761878 and parameters: {'learning_rate': 0.07504261261595743, 'depth': 8, 'l2_leaf_reg': 9.964334077432497, 'subsample': 0.8711529149087375}. Best is trial 0 with value: 1.421799025657793.
[I 2025-09-05 17:50:09,039] Trial 21 finished with value: 2.785297372577819 and parameters: {'learning_rate': 0.02327096443900617, 'depth': 12, 'l2_leaf_reg': 1.8359911786925303, 'subsample': 0.7287917056061739}. Best is trial 0 with value: 1.421799025657793.
[I 2025-09-05 17:50:18,783] Trial 22 finished with value: 2.8232222796364317 and parameters: {'learning_rate': 0.022031575969364503, 'depth': 12, 'l2_leaf_reg': 2.238055283855516, 'subsample': 0.6519835302306934}. Best is trial 0 with value: 1.421799025657793.
[I 2025-09-05 17:50:23,154] Trial 23 finished with value: 2.508416518212505 and parameters: {'learning_rate': 0.06246538921659979, 'depth': 11, 'l2_leaf_reg': 2.8161709369111336, 'subsample': 0.6026038631945169}. Best is trial 0 with value: 1.421799025657793.
[I 2025-09-05 17:50:32,856] Trial 24 finished with value: 2.543762576494403 and parameters: {'learning_rate': 0.04890848747855553, 'depth': 12, 'l2_leaf_reg': 1.1901118460771318, 'subsample': 0.716366925842576}. Best is trial 0 with value: 1.421799025657793.
[I 2025-09-05 17:50:37,339] Trial 25 finished with value: 2.730531211955879 and parameters: {'learning_rate': 0.0351940402966109, 'depth': 11, 'l2_leaf_reg': 3.923544808791456, 'subsample': 0.6549082529616911}. Best is trial 0 with value: 1.421799025657793.
[I 2025-09-05 17:50:50,212] Trial 26 finished with value: 2.3814982242808758 and parameters: {'learning_rate': 0.0815663818602901, 'depth': 12, 'l2_leaf_reg': 5.493014776535124, 'subsample': 0.780476269072612}. Best is trial 0 with value: 1.421799025657793.
[I 2025-09-05 17:50:53,994] Trial 27 finished with value: 2.9396029029842885 and parameters: {'learning_rate': 0.011587612231334043, 'depth': 11, 'l2_leaf_reg': 2.11603205619482, 'subsample': 0.810835371759378}. Best is trial 0 with value: 1.421799025657793.
[I 2025-09-05 17:50:54,420] Trial 28 finished with value: 2.8861368533373963 and parameters: {'learning_rate': 0.026290253870817248, 'depth': 7, 'l2_leaf_reg': 7.416264601300238, 'subsample': 0.6961467267274626}. Best is trial 0 with value: 1.421799025657793.
[I 2025-09-05 17:51:58,229] Trial 29 finished with value: 1.6209653846240397 and parameters: {'learning_rate': 0.09089286616557081, 'depth': 10, 'l2_leaf_reg': 2.5887570224382355, 'subsample': 0.6335681310167003}. Best is trial 0 with value: 1.421799025657793.
[I 2025-09-05 18:14:20,213] Trial 30 finished with value: 1.5252147694240041 and parameters: {'learning_rate': 0.06828040796086071, 'depth': 12, 'l2_leaf_reg': 1.5676916167143853, 'subsample': 0.6750357518028078}. Best is trial 0 with value: 1.421799025657793.
[I 2025-09-05 18:36:15,170] Trial 31 finished with value: 1.5519275476923382 and parameters: {'learning_rate': 0.06777010723732191, 'depth': 12, 'l2_leaf_reg': 1.5570341432508725, 'subsample': 0.6775830322685653}. Best is trial 0 with value: 1.421799025657793.
[I 2025-09-05 18:36:25,149] Trial 32 finished with value: 2.4845553135197953 and parameters: {'learning_rate': 0.06093456462506, 'depth': 12, 'l2_leaf_reg': 2.77541348684606, 'subsample': 0.671804508804518}. Best is trial 0 with value: 1.421799025657793.
[I 2025-09-05 18:46:10,037] Trial 33 finished with value: 1.4427108971128113 and parameters: {'learning_rate': 0.07928760091312352, 'depth': 11, 'l2_leaf_reg': 1.5942049306154038, 'subsample': 0.7564516566630075}. Best is trial 0 with value: 1.421799025657793.
[I 2025-09-05 18:47:51,346] Trial 34 finished with value: 1.5861589937167608 and parameters: {'learning_rate': 0.07553865519609443, 'depth': 10, 'l2_leaf_reg': 1.5808607366855232, 'subsample': 0.7517203443739183}. Best is trial 0 with value: 1.421799025657793.
[I 2025-09-05 18:47:56,067] Trial 35 finished with value: 2.4366843987736737 and parameters: {'learning_rate': 0.07980703317348017, 'depth': 11, 'l2_leaf_reg': 2.0238381813793187, 'subsample': 0.8502370579291388}. Best is trial 0 with value: 1.421799025657793.
[I 2025-09-05 18:52:10,265] Trial 36 finished with value: 1.5182243607964796 and parameters: {'learning_rate': 0.09169410139624953, 'depth': 11, 'l2_leaf_reg': 1.2559329528187586, 'subsample': 0.9107919990886362}. Best is trial 0 with value: 1.421799025657793.
[I 2025-09-05 18:52:31,746] Trial 37 finished with value: 1.6859310118692314 and parameters: {'learning_rate': 0.09272519457687353, 'depth': 10, 'l2_leaf_reg': 1.0394806466546191, 'subsample': 0.9119099205584098}. Best is trial 0 with value: 1.421799025657793.
[I 2025-09-05 18:52:34,154] Trial 38 finished with value: 2.512922747282335 and parameters: {'learning_rate': 0.085022556989537, 'depth': 10, 'l2_leaf_reg': 8.826552132253648, 'subsample': 0.9259451793615507}. Best is trial 0 with value: 1.421799025657793.
[I 2025-09-05 18:52:36,518] Trial 39 finished with value: 2.471310191831809 and parameters: {'learning_rate': 0.08725861580948205, 'depth': 9, 'l2_leaf_reg': 6.3008433169454925, 'subsample': 0.8597965800028662}. Best is trial 0 with value: 1.421799025657793.
[I 2025-09-05 18:52:42,657] Trial 40 finished with value: 2.3279994782556823 and parameters: {'learning_rate': 0.0964170535860846, 'depth': 11, 'l2_leaf_reg': 3.175315433681786, 'subsample': 0.9015197494623226}. Best is trial 0 with value: 1.421799025657793.
[I 2025-09-05 18:53:09,605] Trial 41 finished with value: 1.7632414835575352 and parameters: {'learning_rate': 0.07947578405035004, 'depth': 11, 'l2_leaf_reg': 1.5693442031278704, 'subsample': 0.9555990022269396}. Best is trial 0 with value: 1.421799025657793.
[I 2025-09-05 18:53:17,991] Trial 42 finished with value: 2.5013717092933607 and parameters: {'learning_rate': 0.05747407476336033, 'depth': 12, 'l2_leaf_reg': 2.3315989199103364, 'subsample': 0.8066051165072268}. Best is trial 0 with value: 1.421799025657793.
[I 2025-09-05 18:53:23,067] Trial 43 finished with value: 2.5869554855681436 and parameters: {'learning_rate': 0.06902002450264912, 'depth': 11, 'l2_leaf_reg': 7.054354998525527, 'subsample': 0.7191894783536706}. Best is trial 0 with value: 1.421799025657793.
[I 2025-09-05 18:53:31,598] Trial 44 finished with value: 2.577099730363219 and parameters: {'learning_rate': 0.05113354135485604, 'depth': 12, 'l2_leaf_reg': 1.5551084503899515, 'subsample': 0.7611347047707578}. Best is trial 0 with value: 1.421799025657793.
[I 2025-09-05 18:53:50,216] Trial 45 finished with value: 2.0899688495187583 and parameters: {'learning_rate': 0.09238546792693042, 'depth': 12, 'l2_leaf_reg': 2.5717466709145707, 'subsample': 0.9559051035331434}. Best is trial 0 with value: 1.421799025657793.
[I 2025-09-05 18:53:56,195] Trial 46 finished with value: 2.4772542570497533 and parameters: {'learning_rate': 0.07628661605999132, 'depth': 11, 'l2_leaf_reg': 4.406325669241593, 'subsample': 0.6340516106700625}. Best is trial 0 with value: 1.421799025657793.
[I 2025-09-05 18:53:58,541] Trial 47 finished with value: 2.598996114683447 and parameters: {'learning_rate': 0.058216158919750106, 'depth': 10, 'l2_leaf_reg': 3.81338909844694, 'subsample': 0.992618194046502}. Best is trial 0 with value: 1.421799025657793.
[I 2025-09-05 18:54:02,993] Trial 48 finished with value: 2.399998620468597 and parameters: {'learning_rate': 0.06621881500070217, 'depth': 11, 'l2_leaf_reg': 1.2868589760122169, 'subsample': 0.8263938359983036}. Best is trial 0 with value: 1.421799025657793.
[I 2025-09-05 19:07:40,275] Trial 49 finished with value: 1.5263059299545731 and parameters: {'learning_rate': 0.0831705750947172, 'depth': 12, 'l2_leaf_reg': 1.8972714535943542, 'subsample': 0.6185022280417607}. Best is trial 0 with value: 1.421799025657793.
[I 2025-09-05 19:07:43,992] Trial 50 finished with value: 2.6663079284564515 and parameters: {'learning_rate': 0.04186646190468409, 'depth': 11, 'l2_leaf_reg': 3.1276731303991765, 'subsample': 0.7109892553302086}. Best is trial 0 with value: 1.421799025657793.
[I 2025-09-05 19:22:38,243] Trial 51 finished with value: 1.512617664985551 and parameters: {'learning_rate': 0.08458511970808405, 'depth': 12, 'l2_leaf_reg': 2.0512452831271712, 'subsample': 0.6135332222379248}. Best is trial 0 with value: 1.421799025657793.
[I 2025-09-05 19:27:12,565] Trial 52 finished with value: 1.5745250447755608 and parameters: {'learning_rate': 0.09624866888797279, 'depth': 12, 'l2_leaf_reg': 1.292071919818677, 'subsample': 0.6417907705887241}. Best is trial 0 with value: 1.421799025657793.
[I 2025-09-05 19:27:26,121] Trial 53 finished with value: 2.219108949307069 and parameters: {'learning_rate': 0.07263355986880361, 'depth': 12, 'l2_leaf_reg': 1.8437570040022049, 'subsample': 0.60927036287265}. Best is trial 0 with value: 1.421799025657793.
[I 2025-09-05 19:27:50,947] Trial 54 finished with value: 1.9952111092328682 and parameters: {'learning_rate': 0.08718745350545908, 'depth': 12, 'l2_leaf_reg': 2.2371384485631873, 'subsample': 0.6000675867379213}. Best is trial 0 with value: 1.421799025657793.
[I 2025-09-05 19:28:10,063] Trial 55 finished with value: 1.8091283767310553 and parameters: {'learning_rate': 0.07890753911271342, 'depth': 11, 'l2_leaf_reg': 1.0035787223477217, 'subsample': 0.6637027216378882}. Best is trial 0 with value: 1.421799025657793.
[I 2025-09-05 19:28:10,367] Trial 56 finished with value: 2.5356192070942187 and parameters: {'learning_rate': 0.0995053596518351, 'depth': 6, 'l2_leaf_reg': 3.5535110403043593, 'subsample': 0.6883057713373871}. Best is trial 0 with value: 1.421799025657793.
[I 2025-09-05 19:28:11,521] Trial 57 finished with value: 2.772632624226163 and parameters: {'learning_rate': 0.07222581748159371, 'depth': 9, 'l2_leaf_reg': 9.865981435554469, 'subsample': 0.6240945513208149}. Best is trial 0 with value: 1.421799025657793.
[I 2025-09-05 19:28:11,964] Trial 58 finished with value: 2.7367039751065376 and parameters: {'learning_rate': 0.03816050432262931, 'depth': 7, 'l2_leaf_reg': 2.856762589021503, 'subsample': 0.7949412950505265}. Best is trial 0 with value: 1.421799025657793.
